IQ-TREE multicore version 1.6.12 for Linux 64-bit built Aug 15 2019
Developed by Bui Quang Minh, Nguyen Lam Tung, Olga Chernomor,
Heiko Schmidt, Dominik Schrempf, Michael Woodhams.

Host:    Erasmas (AVX2, FMA3, 31 GB RAM)
Command: iqtree -bb 1000 -m GTR -nstop 200 -s old
Seed:    109117 (Using SPRNG - Scalable Parallel Random Number Generator)
Time:    Thu Dec  3 17:51:50 2020
Kernel:  AVX+FMA - 1 threads (32 CPU cores detected)

HINT: Use -nt option to specify number of threads because your CPU has 32 cores!
HINT: -nt AUTO will automatically determine the best number of threads to use.

Reading alignment file old ... Fasta format detected
Alignment most likely contains DNA/RNA sequences
Alignment has 899 sequences with 1017 columns, 665 distinct patterns
537 parsimony-informative, 65 singleton sites, 415 constant sites
                            Gap/Ambiguity  Composition  p-value
   1  KU189996.1_2008-06-12_subA    1.38%    passed     97.09%
   2  KU189997.1_2008-09-09_subA    2.85%    passed     88.13%
   3  KU189998.1_2008-09-10_subA    0.00%    passed     97.38%
   4  KU189999.1_2008-11-04_subA    0.69%    passed     95.21%
   5  KU190000.1_2008-11-04_subA    1.67%    passed     99.83%
   6  KU190001.1_2008-05-06_subA    2.56%    passed     96.56%
   7  KU190002.1_2008-06-26_subA    0.79%    passed     99.78%
   8  KU190003.1_2009-02-24_subA    0.39%    passed     99.92%
   9  KU190004.1_2009-04-01_subA    1.77%    passed     99.23%
  10  KU190005.1_2009-04-20_subA    1.18%    passed     99.66%
  11  KU190006.1_2009-04-28_subA    0.59%    passed     83.68%
  12  KU190007.1_2009-05-13_subA    3.05%    passed     85.51%
  13  KU190008.1_2009-05-19_subA    0.00%    passed     97.13%
  14  KU190009.1_2009-07-20_subA    0.98%    passed     99.10%
  15  KU190010.1_2009-11-17_subA    0.49%    passed     76.24%
  16  KU190011.1_2009-12-22_subA    0.00%    passed     98.68%
  17  KU190012.1_2009-12-23_subA    1.08%    passed     95.24%
  18  KU190013.1_2010-01-20_subA    0.39%    passed     96.30%
  19  KU190014.1_2010-03-05_subA    1.97%    passed     94.45%
  20  KU190015.1_2010-06-08_subA    1.28%    passed     77.29%
  21  KU190016.1_2010-10-06_subA    0.69%    passed     96.89%
  22  KU190017.1_2011-01-13_subA    1.77%    passed     98.79%
  23  KU190018.1_2011-02-28_subA    3.05%    passed     79.42%
  24  KU190019.1_2011-10-03_subA    1.97%    passed     98.17%
  25  KU190020.1_2011-10-26_subA    0.00%    passed     99.40%
  26  KU190021.1_2011-11-10_subA    0.00%    passed     89.23%
  27  KU190022.1_2012-02-13_subA    0.20%    passed     94.03%
  28  KU190023.1_2012-01-09_subA    0.39%    passed     98.48%
  29  KU190024.1_2012-03-22_subA    1.38%    passed     85.88%
  30  KU190025.1_2012-07-19_subA    3.34%    passed     97.73%
  31  KU190026.1_2012-09-05_subA    0.20%    passed     98.81%
  32  KU190027.1_2012-11-22_subA    3.34%    passed     87.57%
  33  KU190028.1_2012-11-27_subA    1.47%    passed     96.71%
  34  KU190031.1_2007-01-03_subB    0.29%    passed     96.52%
  35  KU190032.1_2007-03-23_subB    0.00%    passed     99.06%
  36  KU190033.1_2007-04-16_subB    0.00%    passed     95.49%
  37  KU190034.1_2007-08-27_subB    1.67%    passed     92.71%
  38  KU190035.1_2007-09-17_subB    0.79%    passed     99.58%
  39  KU190036.1_2007-11-14_subB    3.64%    passed     96.79%
  40  KU190037.1_2007-11-28_subB    0.10%    passed     99.37%
  41  KU190038.1_2007-11-28_subB    0.88%    passed     98.09%
  42  KU190039.1_2007-12-03_subB    1.47%    passed     92.59%
  43  KU190040.1_2007-12-04_subB    0.49%    passed     93.40%
  44  KU190041.1_2007-12-04_subB    1.18%    passed     99.79%
  45  KU190042.1_2007-12-04_subB    1.97%    passed     99.80%
  46  KU190043.1_2007-02-26_subB    0.98%    passed     98.36%
  47  KU190044.1_2007-04-18_subB    1.67%    passed     99.34%
  48  KU190045.1_2007-04-19_subB    0.20%    passed     98.98%
  49  KU190046.1_2007-08-13_subB    0.49%    passed     99.17%
  50  KU190047.1_2007-09-18_subB    1.38%    passed     96.84%
  51  KU190048.1_2007-10-24_subB    1.47%    passed     99.50%
  52  KU190049.1_2007-10-24_subB    1.47%    passed     99.25%
  53  KU190050.1_2007-10-24_subB    1.97%    passed     98.24%
  54  KU190051.1_2007-10-30_subB    1.47%    passed     91.80%
  55  KU190052.1_2007-11-05_subB    1.57%    passed     95.66%
  56  KU190053.1_2007-11-06_subB    0.69%    passed     99.49%
  57  KU190054.1_2007-11-06_subB    0.98%    passed     99.07%
  58  KU190055.1_2007-11-07_subB    0.88%    passed     99.04%
  59  KU190056.1_2007-11-14_subB    0.00%    passed     97.02%
  60  KU190057.1_2007-11-19_subB    0.88%    passed     99.80%
  61  KU190058.1_2007-11-19_subB    2.16%    passed     99.07%
  62  KU190059.1_2007-11-19_subB    0.39%    passed     99.80%
  63  KU190060.1_2007-11-19_subB    0.88%    passed     99.01%
  64  KU190061.1_2007-11-27_subB    1.77%    passed     98.34%
  65  KU190062.1_2007-11-27_subB    1.38%    passed     99.72%
  66  KU190063.1_2007-11-28_subB    0.59%    passed     98.55%
  67  KU190064.1_2007-12-03_subB    0.00%    passed     98.08%
  68  KU190065.1_2007-12-03_subB    0.69%    passed     98.16%
  69  KU190066.1_2007-12-11_subB    1.67%    passed     96.55%
  70  KU190067.1_2007-12-11_subB    2.46%    passed     99.95%
  71  KU190068.1_2007-12-17_subB    0.20%    passed     99.63%
  72  KU190069.1_2007-12-17_subB    1.47%    passed     98.93%
  73  KU190070.1_2007-12-17_subB    0.00%    passed     99.69%
  74  KU190071.1_2007-12-15_subB    2.46%    passed     99.64%
  75  KU190072.1_2007-12-18_subB    0.79%    passed     98.48%
  76  KU190073.1_2007-12-18_subB    1.57%    passed     99.36%
  77  KU190074.1_2007-12-20_subB    2.06%    passed     97.14%
  78  KU190075.1_2007-12-27_subB    0.69%    passed     97.25%
  79  KU190076.1_2007-12-31_subB    1.08%    passed     99.44%
  80  KU190077.1_2008-09-18_subB    0.29%    passed     98.94%
  81  KU190078.1_2008-01-28_subB    0.98%    passed     98.44%
  82  KU190079.1_2008-09-29_subB    1.77%    passed     95.90%
  83  KU190080.1_2008-05-05_subB    0.00%    passed     90.05%
  84  KU190081.1_2008-05-07_subB    1.28%    passed     99.14%
  85  KU190082.1_2008-05-20_subB    1.87%    passed     96.17%
  86  KU190083.1_2008-05-20_subB    1.47%    passed     98.85%
  87  KU190084.1_2008-05-20_subB    0.49%    passed     99.13%
  88  KU190085.1_2008-05-21_subB    1.18%    passed     99.41%
  89  KU190086.1_2008-05-21_subB    1.57%    passed     98.14%
  90  KU190087.1_2008-05-23_subB    1.97%    passed     99.71%
  91  KU190088.1_2008-05-27_subB    2.75%    passed     84.21%
  92  KU190089.1_2008-05-27_subB    0.20%    passed     99.29%
  93  KU190090.1_2008-05-28_subB    1.77%    passed     97.57%
  94  KU190091.1_2008-05-29_subB    2.06%    passed     99.65%
  95  KU190092.1_2008-06-03_subB    0.00%    passed     99.60%
  96  KU190093.1_2008-06-12_subB    2.36%    passed     98.36%
  97  KU190094.1_2008-06-17_subB    0.39%    passed     92.00%
  98  KU190095.1_2008-06-18_subB    0.98%    passed     98.12%
  99  KU190096.1_2008-06-19_subB    0.00%    passed     97.47%
 100  KU190097.1_2008-06-19_subB    0.20%    passed     96.82%
 101  KU190098.1_2008-06-23_subB    1.08%    passed     96.06%
 102  KU190099.1_2008-06-23_subB    0.39%    passed     97.82%
 103  KU190100.1_2008-06-25_subB    0.69%    passed     96.87%
 104  KU190101.1_2008-06-26_subB    0.88%    passed     99.58%
 105  KU190102.1_2008-07-07_subB    0.00%    passed     99.97%
 106  KU190103.1_2008-07-08_subB    2.16%    passed     98.06%
 107  KU190104.1_2008-07-09_subB    1.28%    passed     98.96%
 108  KU190105.1_2008-07-16_subB    0.10%    passed     99.00%
 109  KU190106.1_2008-07-23_subB    0.69%    passed     85.47%
 110  KU190107.1_2008-07-27_subB    0.49%    passed     97.22%
 111  KU190108.1_2008-07-29_subB    0.39%    passed     96.90%
 112  KU190109.1_2008-08-07_subB    2.46%    passed     98.25%
 113  KU190110.1_2008-08-12_subB    0.00%    passed     98.15%
 114  KU190111.1_2008-08-13_subB    1.38%    passed     98.12%
 115  KU190112.1_2008-08-14_subB    1.47%    passed     98.86%
 116  KU190113.1_2008-08-18_subB    1.87%    passed     96.42%
 117  KU190114.1_2008-08-19_subB    0.49%    passed     99.94%
 118  KU190115.1_2008-08-20_subB    1.08%    passed     98.87%
 119  KU190116.1_2008-08-27_subB    1.08%    passed     99.59%
 120  KU190117.1_2008-08-28_subB    1.28%    passed     99.05%
 121  KU190118.1_2008-09-05_subB    1.28%    passed     95.83%
 122  KU190119.1_2008-09-06_subB    1.77%    passed     99.78%
 123  KU190120.1_2008-09-09_subB    0.79%    passed     99.30%
 124  KU190121.1_2008-09-09_subB    1.47%    passed     98.26%
 125  KU190122.1_2008-09-11_subB    0.20%    passed     95.56%
 126  KU190123.1_2008-09-15_subB    0.98%    passed     99.84%
 127  KU190124.1_2008-09-16_subB    0.59%    passed     99.62%
 128  KU190125.1_2008-09-17_subB    0.79%    passed     97.97%
 129  KU190126.1_2008-09-22_subB    0.00%    passed     96.42%
 130  KU190127.1_2008-09-24_subB    0.29%    passed     95.58%
 131  KU190128.1_2008-09-29_subB    0.00%    passed     98.91%
 132  KU190129.1_2008-10-02_subB    1.77%    passed     96.21%
 133  KU190130.1_2008-10-06_subB    0.49%    passed     98.19%
 134  KU190131.1_2008-10-07_subB    0.49%    passed     99.00%
 135  KU190132.1_2008-10-08_subB    0.59%    passed     99.99%
 136  KU190133.1_2008-10-07_subB    1.08%    passed     99.76%
 137  KU190134.1_2008-10-09_subB    0.79%    passed     99.61%
 138  KU190135.1_2008-10-20_subB    0.20%    passed     99.15%
 139  KU190136.1_2008-10-28_subB    2.85%    passed     99.58%
 140  KU190137.1_2008-10-28_subB    0.20%    passed     98.83%
 141  KU190138.1_2008-11-03_subB    0.98%    passed     99.66%
 142  KU190139.1_2008-11-06_subB    0.00%    passed     93.95%
 143  KU190140.1_2008-11-13_subB    0.59%    passed     99.27%
 144  KU190141.1_2008-11-14_subB    0.10%    passed     96.10%
 145  KU190142.1_2008-11-20_subB    0.98%    passed     99.66%
 146  KU190143.1_2008-11-20_subB    0.00%    passed     98.79%
 147  KU190144.1_2008-11-25_subB    0.69%    passed     97.54%
 148  KU190145.1_2008-12-01_subB    0.00%    passed     92.55%
 149  KU190146.1_2008-12-01_subB    0.00%    passed     95.10%
 150  KU190147.1_2008-12-02_subB    0.59%    passed     91.91%
 151  KU190148.1_2008-12-02_subB    0.98%    passed     96.06%
 152  KU190149.1_2008-12-05_subB    0.98%    passed     99.00%
 153  KU190150.1_2008-12-09_subB    0.00%    passed     92.46%
 154  KU190151.1_2008-12-09_subB    0.00%    passed     95.68%
 155  KU190152.1_2008-12-09_subB    0.39%    passed     98.91%
 156  KU190153.1_2008-12-09_subB    0.00%    passed     99.34%
 157  KU190154.1_2008-12-10_subB    0.00%    passed     98.97%
 158  KU190155.1_2008-12-10_subB    1.28%    passed     99.80%
 159  KU190156.1_2008-12-15_subB    1.67%    passed     97.10%
 160  KU190157.1_2008-12-15_subB    0.00%    passed     93.22%
 161  KU190158.1_2008-12-16_subB    2.36%    passed     98.09%
 162  KU190159.1_2008-12-16_subB    0.00%    passed     96.65%
 163  KU190161.1_2008-12-29_subB    0.29%    passed     97.59%
 164  KU190162.1_2008-12-30_subB    0.59%    passed     99.16%
 165  KU190163.1_2008-01-28_subB    0.20%    passed     94.79%
 166  KU190164.1_2008-01-28_subB    1.57%    passed     98.46%
 167  KU190165.1_2008-01-28_subB    2.16%    passed     99.07%
 168  KU190166.1_2008-02-04_subB    0.88%    passed     99.26%
 169  KU190167.1_2008-02-05_subB    0.29%    passed     91.35%
 170  KU190168.1_2008-02-06_subB    0.88%    passed     96.77%
 171  KU190169.1_2008-02-07_subB    0.39%    passed     99.27%
 172  KU190170.1_2008-02-11_subB    0.29%    passed     96.62%
 173  KU190171.1_2008-02-12_subB    2.56%    passed     99.54%
 174  KU190172.1_2008-02-13_subB    1.97%    passed     95.53%
 175  KU190173.1_2008-02-13_subB    0.49%    passed     96.28%
 176  KU190174.1_2008-01-07_subB    0.88%    passed     99.82%
 177  KU190175.1_2008-02-20_subB    1.38%    passed     97.50%
 178  KU190176.1_2008-01-07_subB    1.77%    passed     99.98%
 179  KU190177.1_2008-02-26_subB    0.88%    passed     97.89%
 180  KU190178.1_2008-03-05_subB    0.39%    passed     97.16%
 181  KU190179.1_2008-03-10_subB    3.24%    passed     99.46%
 182  KU190180.1_2008-01-08_subB    0.10%    passed     99.15%
 183  KU190181.1_2008-03-13_subB    0.49%    passed     94.61%
 184  KU190182.1_2008-01-08_subB    0.69%    passed     87.16%
 185  KU190183.1_2008-03-13_subB    1.38%    passed     93.33%
 186  KU190184.1_2008-03-18_subB    1.77%    passed     91.00%
 187  KU190185.1_2008-03-19_subB    1.18%    passed     93.24%
 188  KU190186.1_2008-01-02_subB    0.88%    passed     97.41%
 189  KU190187.1_2008-01-09_subB    0.98%    passed     97.71%
 190  KU190188.1_2008-03-25_subB    2.06%    passed     99.93%
 191  KU190189.1_2008-03-26_subB    1.87%    passed     99.89%
 192  KU190190.1_2008-03-31_subB    1.77%    passed     99.85%
 193  KU190191.1_2008-03-31_subB    0.29%    passed     98.27%
 194  KU190192.1_2008-04-03_subB    1.18%    passed     97.09%
 195  KU190193.1_2008-04-03_subB    0.49%    passed     97.54%
 196  KU190194.1_2008-04-07_subB    2.16%    passed     99.99%
 197  KU190195.1_2008-04-08_subB    1.38%    passed     99.73%
 198  KU190196.1_2008-04-08_subB    0.10%    passed     98.58%
 199  KU190197.1_2008-04-10_subB    1.77%    passed     93.01%
 200  KU190198.1_2008-04-14_subB    0.88%    passed     99.08%
 201  KU190199.1_2008-04-14_subB    0.79%    passed     97.55%
 202  KU190200.1_2008-04-21_subB    0.98%    passed     99.74%
 203  KU190201.1_2008-04-21_subB    2.75%    passed     96.15%
 204  KU190202.1_2008-04-22_subB    1.18%    passed     92.28%
 205  KU190203.1_2008-04-23_subB    1.38%    passed     97.11%
 206  KU190204.1_2008-04-24_subB    0.49%    passed     99.64%
 207  KU190205.1_2008-05-01_subB    0.88%    passed     92.28%
 208  KU190206.1_2008-05-06_subB    2.56%    passed     99.66%
 209  KU190207.1_2008-05-06_subB    1.38%    passed     95.51%
 210  KU190208.1_2008-05-06_subB    2.16%    passed     98.39%
 211  KU190209.1_2008-05-07_subB    1.77%    passed     98.98%
 212  KU190210.1_2008-05-08_subB    0.98%    passed     98.25%
 213  KU190211.1_2008-01-02_subB    0.39%    passed     96.48%
 214  KU190212.1_2008-01-15_subB    2.16%    passed     99.24%
 215  KU190213.1_2008-06-03_subB    0.20%    passed     98.67%
 216  KU190214.1_2008-06-05_subB    1.08%    passed     95.64%
 217  KU190215.1_2008-01-16_subB    0.59%    passed     99.71%
 218  KU190216.1_2008-06-09_subB    1.67%    passed     99.78%
 219  KU190217.1_2008-06-11_subB    2.56%    passed     92.61%
 220  KU190218.1_2008-01-17_subB    1.87%    passed     94.81%
 221  KU190219.1_2008-01-24_subB    0.20%    passed     97.82%
 222  KU190220.1_2009-01-02_subB    1.77%    passed     95.83%
 223  KU190221.1_2009-01-06_subB    1.77%    passed     83.85%
 224  KU190222.1_2009-01-06_subB    1.08%    passed     99.00%
 225  KU190223.1_2009-01-13_subB    2.46%    passed     99.16%
 226  KU190224.1_2009-01-14_subB    0.49%    passed     97.10%
 227  KU190225.1_2009-01-19_subB    1.77%    passed     97.21%
 228  KU190226.1_2009-01-19_subB    1.57%    passed     98.52%
 229  KU190227.1_2009-01-19_subB    1.28%    passed     90.22%
 230  KU190228.1_2009-01-21_subB    0.49%    passed     99.42%
 231  KU190229.1_2009-01-22_subB    1.77%    passed     99.23%
 232  KU190230.1_2009-01-26_subB    1.67%    passed     98.14%
 233  KU190231.1_2009-01-26_subB    0.29%    passed     96.98%
 234  KU190232.1_2009-01-27_subB    0.79%    passed     99.76%
 235  KU190233.1_2009-01-28_subB    1.97%    passed     99.13%
 236  KU190234.1_2009-01-29_subB    3.44%    passed     96.87%
 237  KU190235.1_2009-02-02_subB    0.00%    passed     97.51%
 238  KU190236.1_2009-02-02_subB    0.49%    passed     96.63%
 239  KU190237.1_2009-02-09_subB    0.79%    passed     99.74%
 240  KU190238.1_2009-02-11_subB    0.00%    passed     92.37%
 241  KU190239.1_2009-02-17_subB    1.67%    passed     89.83%
 242  KU190240.1_2009-02-18_subB    1.77%    passed     97.83%
 243  KU190241.1_2009-02-18_subB    0.79%    passed     99.25%
 244  KU190242.1_2009-02-23_subB    0.00%    passed     99.30%
 245  KU190243.1_2009-02-24_subB    0.79%    passed     93.98%
 246  KU190244.1_2009-02-25_subB    0.20%    passed     99.77%
 247  KU190245.1_2009-02-26_subB    0.69%    passed     95.58%
 248  KU190246.1_2009-03-02_subB    0.98%    passed     99.10%
 249  KU190247.1_2009-03-02_subB    0.00%    passed     99.45%
 250  KU190248.1_2009-03-04_subB    0.20%    passed     95.56%
 251  KU190249.1_2009-03-06_subB    1.87%    passed     98.41%
 252  KU190250.1_2009-03-09_subB    0.69%    passed     97.70%
 253  KU190251.1_2009-03-10_subB    0.88%    passed     99.82%
 254  KU190252.1_2009-03-16_subB    3.24%    passed     96.59%
 255  KU190253.1_2009-03-16_subB    0.10%    passed     94.87%
 256  KU190254.1_2009-03-16_subB    0.00%    passed     94.76%
 257  KU190255.1_2009-03-17_subB    0.59%    passed     95.88%
 258  KU190256.1_2009-03-17_subB    0.88%    passed     99.85%
 259  KU190257.1_2009-03-19_subB    0.88%    passed     99.67%
 260  KU190258.1_2009-03-20_subB    0.59%    passed     95.22%
 261  KU190259.1_2009-03-24_subB    1.87%    passed     98.29%
 262  KU190260.1_2009-03-25_subB    0.39%    passed     95.12%
 263  KU190261.1_2009-03-25_subB    0.00%    passed     94.13%
 264  KU190262.1_2009-03-31_subB    0.69%    passed     98.11%
 265  KU190263.1_2009-04-01_subB    2.36%    passed     99.24%
 266  KU190264.1_2009-04-02_subB    1.08%    passed     98.80%
 267  KU190265.1_2009-04-06_subB    2.16%    passed     98.89%
 268  KU190266.1_2009-04-07_subB    1.08%    passed     97.18%
 269  KU190267.1_2009-04-07_subB    1.97%    passed     97.22%
 270  KU190268.1_2009-04-08_subB    2.16%    passed     99.94%
 271  KU190269.1_2009-04-08_subB    1.08%    passed     98.62%
 272  KU190270.1_2009-04-14_subB    0.00%    passed     96.11%
 273  KU190271.1_2009-04-15_subB    1.47%    passed     96.85%
 274  KU190272.1_2009-04-16_subB    2.65%    passed     91.60%
 275  KU190273.1_2009-04-16_subB    0.00%    passed     99.34%
 276  KU190274.1_2009-04-16_subB    0.10%    passed     98.30%
 277  KU190275.1_2009-04-18_subB    0.79%    passed     99.27%
 278  KU190276.1_2009-04-22_subB    2.85%    passed     99.50%
 279  KU190277.1_2009-04-22_subB    0.00%    passed     89.44%
 280  KU190278.1_2009-04-22_subB    0.00%    passed     99.72%
 281  KU190279.1_2009-04-23_subB    1.38%    passed     96.23%
 282  KU190280.1_2009-04-27_subB    0.20%    passed     95.97%
 283  KU190281.1_2009-04-30_subB    1.28%    passed     90.02%
 284  KU190282.1_2009-05-06_subB    4.03%    passed     98.47%
 285  KU190283.1_2009-05-14_subB    0.59%    passed     99.89%
 286  KU190284.1_2009-05-20_subB    2.95%    passed     99.86%
 287  KU190285.1_2009-05-26_subB    0.88%    passed     86.42%
 288  KU190286.1_2009-06-01_subB    0.20%    passed     93.39%
 289  KU190287.1_2009-06-03_subB    0.98%    passed     98.41%
 290  KU190288.1_2009-06-10_subB    0.00%    passed     89.87%
 291  KU190289.1_2009-06-22_subB    0.00%    passed     99.68%
 292  KU190290.1_2009-06-23_subB    0.49%    passed     99.13%
 293  KU190291.1_2009-06-24_subB    1.87%    passed     97.79%
 294  KU190292.1_2009-06-29_subB    0.69%    passed     94.94%
 295  KU190293.1_2009-06-30_subB    0.10%    passed     98.71%
 296  KU190294.1_2009-07-06_subB    0.79%    passed     97.28%
 297  KU190295.1_2009-07-06_subB    1.38%    passed     97.51%
 298  KU190296.1_2009-07-07_subB    1.77%    passed     99.29%
 299  KU190297.1_2009-07-08_subB    0.49%    passed     94.61%
 300  KU190298.1_2009-07-08_subB    0.10%    passed     88.15%
 301  KU190299.1_2009-07-09_subB    0.00%    passed     98.91%
 302  KU190300.1_2009-07-10_subB    1.77%    passed     97.56%
 303  KU190301.1_2009-07-14_subB    0.29%    passed     96.68%
 304  KU190302.1_2009-07-14_subB    0.00%    passed     98.27%
 305  KU190303.1_2009-07-15_subB    2.06%    passed     99.41%
 306  KU190304.1_2009-07-14_subB    0.98%    passed     98.23%
 307  KU190305.1_2009-07-15_subB    1.77%    passed     99.80%
 308  KU190306.1_2009-07-15_subB    2.16%    passed     94.02%
 309  KU190307.1_2009-07-20_subB    1.08%    passed     96.51%
 310  KU190308.1_2009-07-20_subB    1.87%    passed     97.74%
 311  KU190309.1_2009-07-22_subB    1.08%    passed     88.34%
 312  KU190310.1_2009-07-22_subB    0.00%    passed     98.12%
 313  KU190311.1_2009-08-11_subB    0.88%    passed     95.06%
 314  KU190312.1_2009-08-13_subB    1.38%    passed     99.25%
 315  KU190313.1_2009-08-16_subB    0.98%    passed     99.35%
 316  KU190314.1_2009-08-17_subB    1.87%    passed     99.07%
 317  KU190315.1_2009-08-24_subB    0.79%    passed     99.93%
 318  KU190316.1_2009-08-25_subB    1.87%    passed     97.66%
 319  KU190317.1_2009-09-01_subB    0.00%    passed     98.98%
 320  KU190318.1_2009-09-03_subB    0.88%    passed     98.88%
 321  KU190319.1_2009-09-02_subB    0.20%    passed     96.26%
 322  KU190320.1_2009-09-09_subB    0.79%    passed     99.67%
 323  KU190321.1_2009-09-14_subB    2.06%    passed     98.82%
 324  KU190322.1_2009-09-16_subB    2.85%    passed     94.40%
 325  KU190323.1_2009-09-18_subB    0.59%    passed     99.03%
 326  KU190324.1_2009-09-24_subB    0.10%    passed     92.07%
 327  KU190325.1_2009-09-29_subB    2.56%    passed     99.03%
 328  KU190326.1_2009-09-30_subB    0.49%    passed     99.91%
 329  KU190327.1_2009-10-01_subB    1.18%    passed     99.65%
 330  KU190328.1_2009-10-06_subB    1.87%    passed     99.47%
 331  KU190329.1_2009-10-07_subB    0.00%    passed     93.67%
 332  KU190330.1_2009-10-07_subB    0.00%    passed     94.13%
 333  KU190331.1_2009-10-08_subB    1.87%    passed     95.19%
 334  KU190332.1_2009-10-08_subB    0.00%    passed     98.00%
 335  KU190333.1_2009-10-21_subB    0.98%    passed     88.15%
 336  KU190334.1_2009-10-21_subB    1.28%    passed     93.02%
 337  KU190335.1_2009-10-26_subB    0.49%    passed     92.79%
 338  KU190336.1_2009-10-28_subB    0.00%    passed     95.88%
 339  KU190337.1_2009-10-28_subB    0.00%    passed     97.01%
 340  KU190338.1_2009-10-28_subB    1.28%    passed     98.97%
 341  KU190339.1_2009-11-06_subB    1.08%    passed     95.45%
 342  KU190340.1_2009-11-09_subB    1.18%    passed     99.15%
 343  KU190341.1_2009-11-09_subB    2.16%    passed     82.63%
 344  KU190342.1_2009-11-10_subB    1.87%    passed     99.95%
 345  KU190343.1_2009-11-13_subB    0.00%    passed     99.29%
 346  KU190344.1_2009-11-16_subB    0.20%    passed     99.74%
 347  KU190345.1_2009-11-18_subB    1.28%    passed     96.83%
 348  KU190346.1_2009-11-24_subB    0.10%    passed     97.93%
 349  KU190347.1_2009-11-25_subB    0.00%    passed     99.68%
 350  KU190348.1_2009-11-26_subB    0.00%    passed     91.36%
 351  KU190349.1_2009-11-30_subB    0.10%    passed     98.04%
 352  KU190350.1_2009-12-01_subB    0.69%    passed     99.92%
 353  KU190351.1_2009-11-24_subB    1.28%    passed     99.53%
 354  KU190352.1_2009-12-02_subB    1.87%    passed     96.55%
 355  KU190353.1_2009-12-02_subB    0.00%    passed     98.85%
 356  KU190354.1_2009-12-02_subB    1.77%    passed     99.76%
 357  KU190355.1_2009-12-03_subB    1.28%    passed     98.13%
 358  KU190356.1_2009-12-07_subB    1.67%    passed     98.00%
 359  KU190357.1_2009-12-14_subB    1.57%    passed     99.54%
 360  KU190358.1_2009-12-15_subB    0.98%    passed     99.58%
 361  KU190359.1_2009-12-21_subB    0.29%    passed     93.91%
 362  KU190360.1_2009-12-22_subB    1.77%    passed     97.77%
 363  KU190361.1_2009-12-24_subB    0.88%    passed     98.58%
 364  KU190362.1_2010-01-04_subB    0.69%    passed     99.76%
 365  KU190363.1_2010-01-05_subB    7.47%    passed     96.97%
 366  KU190364.1_2010-01-05_subB    1.28%    passed     99.44%
 367  KU190365.1_2010-01-07_subB    0.10%    passed     95.46%
 368  KU190366.1_2010-01-11_subB    1.18%    passed     99.67%
 369  KU190367.1_2010-01-13_subB    0.49%    passed     99.35%
 370  KU190368.1_2010-01-14_subB    0.39%    passed     89.94%
 371  KU190369.1_2010-01-18_subB    0.00%    passed     98.49%
 372  KU190370.1_2010-01-19_subB    0.88%    passed     99.59%
 373  KU190371.1_2010-01-19_subB    0.00%    passed     98.96%
 374  KU190372.1_2010-01-25_subB    1.28%    passed     99.74%
 375  KU190373.1_2010-01-26_subB    0.00%    passed     98.40%
 376  KU190374.1_2010-01-26_subB    1.97%    passed     99.63%
 377  KU190375.1_2010-01-27_subB    0.69%    passed     98.37%
 378  KU190376.1_2010-01-28_subB    0.00%    passed     98.49%
 379  KU190377.1_2010-02-08_subB    0.00%    passed     97.64%
 380  KU190378.1_2010-02-09_subB    0.10%    passed     96.76%
 381  KU190379.1_2010-02-11_subB    0.20%    passed     88.96%
 382  KU190380.1_2010-02-12_subB    0.49%    passed     86.69%
 383  KU190381.1_2010-02-17_subB    0.59%    passed     88.36%
 384  KU190382.1_2010-02-22_subB    0.79%    passed     89.01%
 385  KU190383.1_2010-02-22_subB    0.59%    passed     93.73%
 386  KU190384.1_2010-02-23_subB    0.00%    passed     99.99%
 387  KU190385.1_2010-02-25_subB    0.20%    passed     93.63%
 388  KU190386.1_2010-02-25_subB    1.08%    passed     95.34%
 389  KU190387.1_2010-02-25_subB    0.29%    passed     95.09%
 390  KU190388.1_2010-03-01_subB    0.49%    passed     95.11%
 391  KU190389.1_2010-03-02_subB    1.08%    passed     99.74%
 392  KU190390.1_2010-03-02_subB    0.39%    passed     99.44%
 393  KU190391.1_2010-03-04_subB    0.29%    passed     94.91%
 394  KU190392.1_2010-03-04_subB    1.18%    passed     91.67%
 395  KU190393.1_2010-03-09_subB    1.18%    passed     94.20%
 396  KU190394.1_2010-03-10_subB    1.67%    passed     81.32%
 397  KU190395.1_2010-03-10_subB    0.00%    passed     93.63%
 398  KU190396.1_2010-03-22_subB    1.47%    passed     96.49%
 399  KU190397.1_2010-03-22_subB    0.20%    passed     98.04%
 400  KU190398.1_2010-03-23_subB    0.10%    passed     99.34%
 401  KU190399.1_2010-03-23_subB    0.98%    passed     96.46%
 402  KU190400.1_2010-03-23_subB    0.59%    passed     99.99%
 403  KU190401.1_2010-03-23_subB    0.39%    passed     89.92%
 404  KU190402.1_2010-03-26_subB    0.98%    passed     90.58%
 405  KU190403.1_2010-03-29_subB    0.69%    passed     99.61%
 406  KU190404.1_2010-03-30_subB    0.10%    passed     98.42%
 407  KU190405.1_2010-04-06_subB    1.57%    passed     95.42%
 408  KU190406.1_2010-04-08_subB    0.39%    passed     99.28%
 409  KU190407.1_2010-04-08_subB    1.97%    passed     99.67%
 410  KU190408.1_2010-04-14_subB    0.39%    passed     99.83%
 411  KU190409.1_2010-04-22_subB    1.28%    passed     97.78%
 412  KU190410.1_2010-04-27_subB    1.47%    passed     97.70%
 413  KU190411.1_2010-05-03_subB    0.29%    passed     97.21%
 414  KU190412.1_2010-05-17_subB    0.79%    passed     86.28%
 415  KU190413.1_2010-05-18_subB    0.20%    passed     98.38%
 416  KU190414.1_2010-05-18_subB    0.20%    passed     99.63%
 417  KU190415.1_2010-05-18_subB    0.88%    passed     99.37%
 418  KU190416.1_2010-06-09_subB    1.77%    passed     99.29%
 419  KU190417.1_2010-06-10_subB    1.67%    passed     99.39%
 420  KU190418.1_2010-06-14_subB    1.08%    passed     99.87%
 421  KU190419.1_2010-06-15_subB    0.29%    passed     96.69%
 422  KU190420.1_2010-06-16_subB    0.69%    passed     95.73%
 423  KU190421.1_2010-06-16_subB    0.29%    passed     98.91%
 424  KU190422.1_2010-06-18_subB    0.79%    passed     93.14%
 425  KU190423.1_2010-06-23_subB    0.69%    passed     99.99%
 426  KU190424.1_2010-07-05_subB    0.39%    passed     95.54%
 427  KU190425.1_2010-07-12_subB    1.97%    passed     87.82%
 428  KU190426.1_2010-07-15_subB    1.08%    passed     98.95%
 429  KU190427.1_2010-07-20_subB    2.36%    passed     94.52%
 430  KU190428.1_2010-07-26_subB    1.28%    passed     98.17%
 431  KU190429.1_2010-07-26_subB    1.18%    passed     99.79%
 432  KU190430.1_2010-08-03_subB    1.08%    passed     98.19%
 433  KU190431.1_2010-08-05_subB    1.28%    passed     99.45%
 434  KU190432.1_2010-08-06_subB    1.57%    passed     95.13%
 435  KU190433.1_2010-08-09_subB    0.00%    passed     98.53%
 436  KU190434.1_2010-08-09_subB    2.06%    passed     98.32%
 437  KU190435.1_2010-08-10_subB    0.88%    passed     98.91%
 438  KU190436.1_2010-08-16_subB    1.18%    passed     90.51%
 439  KU190437.1_2010-08-16_subB    0.69%    passed     84.19%
 440  KU190438.1_2010-08-25_subB    2.75%    passed     96.18%
 441  KU190439.1_2010-08-30_subB    0.59%    passed     99.82%
 442  KU190440.1_2010-09-02_subB    0.00%    passed     98.89%
 443  KU190441.1_2010-09-14_subB    0.98%    passed     99.24%
 444  KU190442.1_2010-09-16_subB    1.08%    passed     89.50%
 445  KU190443.1_2010-09-17_subB    0.20%    passed     92.26%
 446  KU190444.1_2010-10-14_subB    0.39%    passed     98.76%
 447  KU190445.1_2010-10-19_subB    0.29%    passed     98.65%
 448  KU190446.1_2010-10-18_subB    2.16%    passed     99.35%
 449  KU190447.1_2010-11-02_subB    0.69%    passed     99.66%
 450  KU190448.1_2010-11-09_subB    1.47%    passed     90.49%
 451  KU190449.1_2010-11-09_subB    1.38%    passed     90.96%
 452  KU190450.1_2010-11-09_subB    0.00%    passed     99.01%
 453  KU190451.1_2010-11-09_subB    1.47%    passed     98.88%
 454  KU190452.1_2010-12-15_subB    1.97%    passed     98.70%
 455  KU190453.1_2010-12-15_subB    1.28%    passed     91.95%
 456  KU190454.1_2010-12-30_subB    2.16%    passed     99.50%
 457  KU190455.1_2010-09-14_subB    0.00%    passed     94.97%
 458  KU190456.1_2010-10-25_subB    0.10%    passed     94.96%
 459  KU190457.1_2010-11-03_subB    0.39%    passed     99.93%
 460  KU190458.1_2010-11-05_subB    0.79%    passed     83.46%
 461  KU190459.1_2010-11-10_subB    1.08%    passed     94.81%
 462  KU190460.1_2010-11-12_subB    0.39%    passed     99.25%
 463  KU190461.1_2010-12-02_subB    1.67%    passed     94.16%
 464  KU190462.1_2010-12-13_subB    0.10%    passed     92.21%
 465  KU190463.1_2010-12-14_subB    0.98%    passed     97.09%
 466  KU190464.1_2010-12-14_subB    0.10%    passed     99.45%
 467  KU190465.1_2010-12-14_subB    1.18%    passed     98.71%
 468  KU190466.1_2010-12-20_subB    0.00%    passed     99.68%
 469  KU190467.1_2010-12-21_subB    0.59%    passed     93.89%
 470  KU190468.1_2010-12-24_subB    0.10%    passed     96.31%
 471  KU190469.1_2010-05-04_subB    0.39%    passed     98.96%
 472  KU190470.1_2010-05-18_subB    0.69%    passed     99.87%
 473  KU190471.1_2010-05-26_subB    1.18%    passed     97.87%
 474  KU190472.1_2010-06-15_subB    1.87%    passed     97.94%
 475  KU190473.1_2010-06-16_subB    0.00%    passed     98.97%
 476  KU190474.1_2010-06-17_subB    0.29%    passed     94.97%
 477  KU190475.1_2010-07-14_subB    0.59%    passed     99.77%
 478  KU190476.1_2011-01-05_subB    0.79%    passed     99.54%
 479  KU190477.1_2011-01-13_subB    0.69%    passed     99.45%
 480  KU190478.1_2011-02-02_subB    0.00%    passed     99.34%
 481  KU190479.1_2011-02-10_subB    0.69%    passed     95.85%
 482  KU190480.1_2011-02-17_subB    0.20%    passed     94.29%
 483  KU190481.1_2011-02-22_subB    0.98%    passed     98.38%
 484  KU190482.1_2011-02-23_subB    1.18%    passed     99.85%
 485  KU190483.1_2011-02-28_subB    2.26%    passed     96.54%
 486  KU190484.1_2011-03-01_subB    0.10%    passed     98.66%
 487  KU190485.1_2011-03-09_subB    1.18%    passed     93.66%
 488  KU190486.1_2011-03-10_subB    0.88%    passed     96.98%
 489  KU190487.1_2011-03-11_subB    0.49%    passed     96.98%
 490  KU190488.1_2011-03-11_subB    0.88%    passed     99.65%
 491  KU190489.1_2011-03-16_subB    1.38%    passed     99.27%
 492  KU190490.1_2011-03-22_subB    0.20%    passed     91.67%
 493  KU190491.1_2011-03-22_subB    0.10%    passed     92.26%
 494  KU190492.1_2011-03-23_subB    2.26%    passed     96.12%
 495  KU190493.1_2011-03-29_subB    2.16%    passed     97.53%
 496  KU190494.1_2011-03-31_subB    1.18%    passed     98.68%
 497  KU190495.1_2011-04-07_subB    0.98%    passed     99.78%
 498  KU190496.1_2011-04-11_subB    0.29%    passed     99.06%
 499  KU190497.1_2011-04-14_subB    0.49%    passed     99.59%
 500  KU190498.1_2011-04-14_subB    0.10%    passed     99.00%
 501  KU190499.1_2011-04-18_subB    3.24%    passed     98.07%
 502  KU190500.1_2011-04-19_subB    2.56%    passed     93.31%
 503  KU190501.1_2011-04-21_subB    2.06%    passed     63.62%
 504  KU190502.1_2011-04-28_subB    0.20%    passed     98.24%
 505  KU190503.1_2011-05-11_subB    0.10%    passed     99.76%
 506  KU190504.1_2011-05-12_subB    0.69%    passed     97.50%
 507  KU190505.1_2011-05-12_subB    0.00%    passed     97.41%
 508  KU190506.1_2011-05-16_subB    0.00%    passed     95.66%
 509  KU190507.1_2011-05-16_subB    0.29%    passed     96.83%
 510  KU190508.1_2011-05-19_subB    0.39%    passed     99.85%
 511  KU190509.1_2011-05-24_subB    0.10%    passed     98.75%
 512  KU190510.1_2011-05-26_subB    0.10%    passed     99.50%
 513  KU190511.1_2011-05-27_subB    0.10%    passed     92.46%
 514  KU190512.1_2011-05-30_subB    0.00%    passed     91.03%
 515  KU190513.1_2011-05-30_subB    0.39%    passed     87.83%
 516  KU190514.1_2011-05-30_subB    0.29%    passed     95.16%
 517  KU190515.1_2011-06-16_subB    1.18%    passed     98.29%
 518  KU190516.1_2011-06-15_subB    1.97%    passed     98.24%
 519  KU190517.1_2011-06-17_subB    0.59%    passed     99.16%
 520  KU190518.1_2011-06-21_subB    0.00%    passed     99.80%
 521  KU190519.1_2011-06-23_subB    0.79%    passed     95.21%
 522  KU190520.1_2011-06-27_subB    3.15%    passed     92.68%
 523  KU190521.1_2011-06-28_subB    0.20%    passed     93.92%
 524  KU190522.1_2011-07-04_subB    1.77%    passed     96.35%
 525  KU190523.1_2011-07-25_subB    0.98%    passed     97.14%
 526  KU190524.1_2011-07-26_subB    0.20%    passed     99.10%
 527  KU190525.1_2011-07-08_subB    1.47%    passed     98.92%
 528  KU190526.1_2011-08-04_subB    0.49%    passed     90.29%
 529  KU190527.1_2011-08-10_subB    1.57%    passed     99.54%
 530  KU190528.1_2011-08-11_subB    0.59%    passed     96.21%
 531  KU190529.1_2011-08-11_subB    0.69%    passed     98.70%
 532  KU190530.1_2011-08-12_subB    0.00%    passed     99.69%
 533  KU190531.1_2011-08-15_subB    0.39%    passed     91.11%
 534  KU190532.1_2011-08-16_subB    0.69%    passed     97.69%
 535  KU190533.1_2011-08-16_subB    0.00%    passed     94.93%
 536  KU190534.1_2011-08-17_subB    0.98%    passed     94.73%
 537  KU190535.1_2011-08-22_subB    0.39%    passed     97.49%
 538  KU190536.1_2011-08-24_subB    0.88%    passed     97.56%
 539  KU190537.1_2011-08-25_subB    0.79%    passed     95.73%
 540  KU190538.1_2011-08-29_subB    1.87%    passed     89.96%
 541  KU190539.1_2011-08-29_subB    0.39%    passed     99.83%
 542  KU190540.1_2011-08-31_subB    1.67%    passed     99.37%
 543  KU190541.1_2011-09-08_subB    0.10%    passed     97.67%
 544  KU190542.1_2011-09-08_subB    0.00%    passed     99.62%
 545  KU190543.1_2011-09-14_subB    0.59%    passed     89.41%
 546  KU190544.1_2011-09-14_subB    0.20%    passed     97.37%
 547  KU190545.1_2011-09-26_subB    0.10%    passed     99.19%
 548  KU190546.1_2011-09-27_subB    0.00%    passed     99.10%
 549  KU190547.1_2011-10-05_subB    2.36%    passed     96.87%
 550  KU190548.1_2011-11-15_subB    0.59%    passed     98.80%
 551  KU190549.1_2011-11-23_subB    1.28%    passed     94.16%
 552  KU190550.1_2011-11-24_subB    1.38%    passed     99.55%
 553  KU190551.1_2011-11-29_subB    0.88%    passed     99.52%
 554  KU190552.1_2011-12-01_subB    0.20%    passed     98.98%
 555  KU190553.1_2011-12-08_subB    0.69%    passed     91.10%
 556  KU190554.1_2011-12-08_subB    0.98%    passed     98.38%
 557  KU190555.1_2011-12-09_subB    0.39%    passed     99.68%
 558  KU190556.1_2011-12-12_subB    1.28%    passed     90.38%
 559  KU190557.1_2011-12-14_subB    1.38%    passed     98.73%
 560  KU190558.1_2011-12-16_subB    0.69%    passed     85.97%
 561  KU190559.1_2011-12-20_subB    0.20%    passed     89.05%
 562  KU190560.1_2011-12-22_subB    1.87%    passed     98.21%
 563  KU190561.1_2011-12-28_subB    0.10%    passed     91.51%
 564  KU190562.1_2011-01-24_subB    0.29%    passed     98.85%
 565  KU190563.1_2011-09-07_subB    0.69%    passed     99.66%
 566  KU190564.1_2011-01-05_subB    0.00%    passed     98.73%
 567  KU190565.1_2011-10-06_subB    0.98%    passed     99.60%
 568  KU190566.1_2011-10-07_subB    0.88%    passed     92.99%
 569  KU190567.1_2011-10-11_subB    2.85%    passed     97.58%
 570  KU190568.1_2011-10-11_subB    0.88%    passed     96.81%
 571  KU190569.1_2011-10-26_subB    0.20%    passed     82.57%
 572  KU190570.1_2011-10-27_subB    0.00%    passed     97.01%
 573  KU190571.1_2011-10-28_subB    1.28%    passed     99.89%
 574  KU190572.1_2011-11-07_subB    0.69%    passed     96.53%
 575  KU190573.1_2011-11-16_subB    0.00%    passed     99.06%
 576  KU190574.1_2011-11-17_subB    0.39%    passed     98.69%
 577  KU190575.1_2011-03-03_subB    0.98%    passed     99.36%
 578  KU190576.1_2011-04-27_subB    0.69%    passed     97.86%
 579  KU190577.1_2011-05-02_subB    1.28%    passed     98.39%
 580  KU190578.1_2011-05-03_subB    0.10%    passed     96.80%
 581  KU190579.1_2011-05-05_subB    0.00%    passed     96.34%
 582  KU190580.1_2011-05-05_subB    1.18%    passed     98.29%
 583  KU190581.1_2011-05-09_subB    1.38%    passed     97.55%
 584  KU190582.1_2011-05-11_subB    1.47%    passed     99.26%
 585  KU190583.1_2011-05-11_subB    0.00%    passed     97.21%
 586  KU190584.1_2011-05-11_subB    0.49%    passed     99.83%
 587  KU190585.1_2011-01-04_subB    0.00%    passed     99.68%
 588  KU190586.1_2011-01-17_subB    0.20%    passed     99.85%
 589  KU190587.1_2011-06-07_subB    0.29%    passed     97.95%
 590  KU190588.1_2011-06-13_subB    0.69%    passed     99.99%
 591  KU190589.1_2011-06-21_subB    0.00%    passed     99.73%
 592  KU190590.1_2011-07-07_subB    0.39%    passed     99.81%
 593  KU190591.1_2011-07-07_subB    1.28%    passed     96.13%
 594  KU190592.1_2011-01-20_subB    0.69%    passed     96.33%
 595  KU190593.1_2011-07-11_subB    1.38%    passed     97.81%
 596  KU190594.1_2011-07-13_subB    0.69%    passed     99.30%
 597  KU190595.1_2011-07-13_subB    0.69%    passed     93.48%
 598  KU190596.1_2011-07-13_subB    0.00%    passed     97.61%
 599  KU190597.1_2011-01-04_subB    2.36%    passed     99.61%
 600  KU190598.1_2011-07-25_subB    2.16%    passed     98.55%
 601  KU190599.1_2011-07-27_subB    1.28%    passed     93.85%
 602  KU190600.1_2012-01-03_subB    0.29%    passed     98.48%
 603  KU190601.1_2012-01-04_subB    1.87%    passed     97.31%
 604  KU190602.1_2012-01-05_subB    0.98%    passed     99.08%
 605  KU190603.1_2012-01-05_subB    0.10%    passed     81.93%
 606  KU190604.1_2012-01-09_subB    0.10%    passed     96.26%
 607  KU190605.1_2012-01-11_subB    0.20%    passed     97.69%
 608  KU190606.1_2012-01-18_subB    2.16%    passed     96.20%
 609  KU190607.1_2012-01-18_subB    0.98%    passed     97.55%
 610  KU190608.1_2012-01-19_subB    0.59%    passed     93.20%
 611  KU190609.1_2012-01-23_subB    0.49%    passed     98.98%
 612  KU190610.1_2012-01-24_subB    2.26%    passed     97.55%
 613  KU190611.1_2012-01-26_subB    0.88%    passed     99.32%
 614  KU190612.1_2012-01-26_subB    0.20%    passed     90.00%
 615  KU190613.1_2012-01-30_subB    2.85%    passed     97.85%
 616  KU190614.1_2012-01-30_subB    0.20%    passed     93.17%
 617  KU190615.1_2012-02-01_subB    0.49%    passed     98.29%
 618  KU190616.1_2012-02-02_subB    0.20%    passed     87.29%
 619  KU190617.1_2012-02-06_subB    0.79%    passed     97.16%
 620  KU190618.1_2012-02-09_subB    1.57%    passed     99.50%
 621  KU190619.1_2012-02-13_subB    0.88%    passed     99.93%
 622  KU190620.1_2012-02-15_subB    1.08%    passed     99.86%
 623  KU190621.1_2012-02-20_subB    0.49%    passed     98.00%
 624  KU190622.1_2012-02-22_subB    0.29%    passed     99.79%
 625  KU190623.1_2012-02-23_subB    1.47%    passed     96.44%
 626  KU190624.1_2012-02-28_subB    0.20%    passed     95.50%
 627  KU190625.1_2012-02-29_subB    0.20%    passed     99.61%
 628  KU190626.1_2012-03-01_subB    0.69%    passed     96.47%
 629  KU190627.1_2012-03-06_subB    1.97%    passed     98.09%
 630  KU190628.1_2012-03-16_subB    0.59%    passed     91.50%
 631  KU190629.1_2012-03-16_subB    2.36%    passed     99.83%
 632  KU190630.1_2012-03-20_subB    1.28%    passed     93.55%
 633  KU190631.1_2012-03-21_subB    2.56%    passed     94.38%
 634  KU190632.1_2012-03-21_subB    2.16%    passed     99.89%
 635  KU190633.1_2012-03-21_subB    0.79%    passed     96.74%
 636  KU190634.1_2012-03-21_subB    2.16%    passed     98.50%
 637  KU190635.1_2012-03-22_subB    0.10%    passed     98.47%
 638  KU190636.1_2012-03-23_subB    2.16%    passed     95.33%
 639  KU190637.1_2012-03-26_subB    2.36%    passed     90.26%
 640  KU190638.1_2012-03-28_subB    1.38%    passed     93.59%
 641  KU190639.1_2012-04-03_subB    0.39%    passed     99.08%
 642  KU190640.1_2012-04-03_subB    0.00%    passed     98.42%
 643  KU190641.1_2012-04-03_subB    1.28%    passed     99.52%
 644  KU190642.1_2012-04-04_subB    1.57%    passed     99.98%
 645  KU190643.1_2012-04-09_subB    1.08%    passed     97.40%
 646  KU190644.1_2012-04-11_subB    0.39%    passed     96.17%
 647  KU190645.1_2012-04-17_subB    1.08%    passed     89.55%
 648  KU190646.1_2012-04-17_subB    1.08%    passed     98.82%
 649  KU190647.1_2012-04-24_subB    0.00%    passed     92.86%
 650  KU190648.1_2012-04-30_subB    0.98%    passed     92.24%
 651  KU190649.1_2012-05-03_subB    0.49%    passed     97.53%
 652  KU190650.1_2012-05-03_subB    0.20%    passed     99.79%
 653  KU190651.1_2012-05-08_subB    0.10%    passed     98.80%
 654  KU190652.1_2012-05-09_subB    0.10%    passed     91.64%
 655  KU190653.1_2012-05-11_subB    0.20%    passed     97.22%
 656  KU190654.1_2012-05-12_subB    1.08%    passed     99.92%
 657  KU190655.1_2012-05-15_subB    2.65%    passed     98.42%
 658  KU190656.1_2012-05-16_subB    2.16%    passed     97.24%
 659  KU190657.1_2012-05-23_subB    0.20%    passed     98.82%
 660  KU190658.1_2012-05-28_subB    0.00%    passed     97.32%
 661  KU190659.1_2012-05-29_subB    2.75%    passed     93.03%
 662  KU190660.1_2012-05-29_subB    2.46%    passed     98.21%
 663  KU190661.1_2012-06-13_subB    0.79%    passed     94.58%
 664  KU190662.1_2012-06-21_subB    0.49%    passed     97.76%
 665  KU190663.1_2012-06-21_subB    0.59%    passed     96.76%
 666  KU190664.1_2012-06-29_subB    0.00%    passed     87.17%
 667  KU190665.1_2012-07-03_subB    0.69%    passed     95.40%
 668  KU190666.1_2012-07-03_subB    0.00%    passed     98.06%
 669  KU190667.1_2012-07-04_subB    0.00%    passed     96.71%
 670  KU190668.1_2012-07-09_subB    1.57%    passed     94.17%
 671  KU190669.1_2012-07-09_subB    1.28%    passed     96.13%
 672  KU190670.1_2012-07-10_subB    1.38%    passed     99.95%
 673  KU190671.1_2012-07-10_subB    1.47%    passed     98.42%
 674  KU190672.1_2012-07-16_subB    0.69%    passed     99.69%
 675  KU190673.1_2012-07-18_subB    1.77%    passed     85.61%
 676  KU190674.1_2012-07-24_subB    0.59%    passed     97.24%
 677  KU190675.1_2012-07-25_subB    0.88%    passed     91.24%
 678  KU190676.1_2012-08-13_subB    0.69%    passed     96.04%
 679  KU190677.1_2012-08-23_subB    1.97%    passed     99.83%
 680  KU190678.1_2012-08-27_subB    0.49%    passed     99.93%
 681  KU190679.1_2012-08-27_subB    0.39%    passed     97.14%
 682  KU190680.1_2012-08-28_subB    0.49%    passed     88.41%
 683  KU190681.1_2012-08-28_subB    0.39%    passed     99.63%
 684  KU190682.1_2012-09-05_subB    0.10%    passed     99.52%
 685  KU190683.1_2012-09-12_subB    0.88%    passed     99.95%
 686  KU190684.1_2012-09-13_subB    0.00%    passed     98.93%
 687  KU190685.1_2012-09-15_subB    0.00%    passed     97.47%
 688  KU190686.1_2012-09-19_subB    0.88%    passed     98.83%
 689  KU190687.1_2012-09-19_subB    1.38%    passed     95.55%
 690  KU190688.1_2012-09-20_subB    1.08%    passed     99.31%
 691  KU190689.1_2012-09-21_subB    0.88%    passed     87.92%
 692  KU190690.1_2012-09-26_subB    1.18%    passed     95.01%
 693  KU190691.1_2012-09-27_subB    1.28%    passed     99.88%
 694  KU190692.1_2012-10-01_subB    0.00%    passed     99.90%
 695  KU190693.1_2012-10-02_subB    0.00%    passed     98.02%
 696  KU190694.1_2012-10-05_subB    1.18%    passed     98.95%
 697  KU190695.1_2012-10-05_subB    1.47%    passed     97.33%
 698  KU190696.1_2012-10-09_subB    0.88%    passed     97.30%
 699  KU190697.1_2012-10-11_subB    1.08%    passed     95.70%
 700  KU190698.1_2012-10-18_subB    0.10%    passed     99.98%
 701  KU190699.1_2012-10-22_subB    0.79%    passed     99.03%
 702  KU190700.1_2012-10-23_subB    0.39%    passed     99.75%
 703  KU190701.1_2012-10-26_subB    1.97%    passed     89.49%
 704  KU190702.1_2012-10-30_subB    0.00%    passed     97.59%
 705  KU190703.1_2012-11-01_subB    0.49%    passed     99.98%
 706  KU190704.1_2012-11-01_subB    0.79%    passed     88.66%
 707  KU190705.1_2012-11-02_subB    0.00%    passed     97.11%
 708  KU190706.1_2012-11-06_subB    2.16%    passed     99.80%
 709  KU190707.1_2012-11-06_subB    0.39%    passed     94.41%
 710  KU190708.1_2012-11-14_subB    0.00%    passed     98.40%
 711  KU190709.1_2012-11-15_subB    0.98%    passed     98.21%
 712  KU190710.1_2012-11-15_subB    0.59%    passed     98.13%
 713  KU190711.1_2012-11-19_subB    1.57%    passed     99.87%
 714  KU190712.1_2012-11-22_subB    0.39%    passed     92.06%
 715  KU190713.1_2012-11-23_subB    1.28%    passed     96.58%
 716  KU190714.1_2012-11-28_subB    1.38%    passed     97.34%
 717  KU190715.1_2012-12-03_subB    2.56%    passed     95.65%
 718  KU190716.1_2012-12-05_subB    1.08%    passed     99.52%
 719  KU190717.1_2012-12-06_subB    0.00%    passed     99.54%
 720  KU190718.1_2012-12-07_subB    0.69%    passed     99.70%
 721  KU190719.1_2012-12-11_subB    0.10%    passed     89.34%
 722  KU190720.1_2012-12-12_subB    0.79%    passed     99.93%
 723  KU190721.1_2012-12-13_subB    0.10%    passed     96.80%
 724  KU190722.1_2012-12-20_subB    1.97%    passed     99.42%
 725  KU190723.1_2012-11-29_subB    0.59%    passed     92.00%
 726  KU190724.1_2012-02-23_subB    1.67%    passed     97.86%
 727  KU190725.1_2012-02-23_subB    2.06%    passed     98.90%
 728  KU190726.1_2012-05-30_subB    1.87%    passed     99.43%
 729  KU190727.1_2012-06-05_subB    0.10%    passed     99.00%
 730  KU190728.1_2012-06-13_subB    0.59%    passed     95.76%
 731  KU190729.1_2012-06-20_subB    3.05%    passed     93.76%
 732  KU190840.1_2007-04-16_subC    2.06%    passed     93.83%
 733  KU190841.1_2007-04-17_subC    2.36%    passed     97.18%
 734  KU190842.1_2007-09-17_subC    1.67%    passed     95.58%
 735  KU190843.1_2007-10-17_subC    2.75%    passed     92.31%
 736  KU190844.1_2007-12-04_subC    1.57%    passed     97.92%
 737  KU190845.1_2007-12-11_subC    1.57%    passed     89.96%
 738  KU190846.1_2008-05-08_subC    0.98%    passed     98.94%
 739  KU190847.1_2008-05-08_subC    1.47%    passed     96.20%
 740  KU190848.1_2008-05-13_subC    1.08%    passed     93.97%
 741  KU190849.1_2008-05-20_subC    1.67%    passed     84.90%
 742  KU190850.1_2008-05-22_subC    1.67%    passed     95.36%
 743  KU190851.1_2008-05-27_subC    0.00%    passed     95.98%
 744  KU190852.1_2008-06-04_subC    3.93%    passed     97.93%
 745  KU190853.1_2008-06-12_subC    3.64%    passed     95.28%
 746  KU190854.1_2008-06-25_subC    1.57%    passed     90.34%
 747  KU190855.1_2008-07-02_subC    1.67%    passed     86.22%
 748  KU190856.1_2008-07-08_subC    0.00%    passed     96.83%
 749  KU190857.1_2008-07-08_subC    1.28%    passed     98.77%
 750  KU190858.1_2008-07-17_subC    1.77%    passed     96.05%
 751  KU190859.1_2008-07-23_subC    3.83%    passed     90.78%
 752  KU190860.1_2008-07-28_subC    0.00%    passed     98.85%
 753  KU190861.1_2008-08-13_subC    0.20%    passed     97.36%
 754  KU190862.1_2008-08-13_subC    2.56%    passed     99.74%
 755  KU190863.1_2008-08-20_subC    0.49%    passed     96.96%
 756  KU190864.1_2008-08-20_subC    0.29%    passed     99.42%
 757  KU190865.1_2008-09-08_subC    0.00%    passed     96.81%
 758  KU190866.1_2008-09-17_subC    0.69%    passed     98.71%
 759  KU190867.1_2008-09-17_subC    0.98%    passed     93.65%
 760  KU190868.1_2008-09-30_subC    1.18%    passed     73.71%
 761  KU190869.1_2008-10-16_subC    3.15%    passed     99.77%
 762  KU190870.1_2008-10-16_subC    2.36%    passed     98.99%
 763  KU190871.1_2008-10-22_subC    1.97%    passed     93.65%
 764  KU190872.1_2008-10-28_subC    2.95%    passed     95.94%
 765  KU190873.1_2008-11-06_subC    1.77%    passed     99.26%
 766  KU190874.1_2008-11-18_subC    0.00%    passed     94.31%
 767  KU190875.1_2008-02-13_subC    0.98%    passed     97.18%
 768  KU190876.1_2008-02-19_subC    0.59%    passed     99.01%
 769  KU190877.1_2008-02-27_subC    0.00%    passed     97.01%
 770  KU190878.1_2008-03-18_subC    2.46%    passed     93.22%
 771  KU190879.1_2008-03-20_subC    2.16%    passed     97.77%
 772  KU190880.1_2008-04-09_subC    1.38%    passed     98.34%
 773  KU190881.1_2008-04-23_subC    1.57%    passed     90.93%
 774  KU190882.1_2008-01-02_subC    3.05%    passed     97.16%
 775  KU190883.1_2008-01-15_subC    0.00%    passed     93.91%
 776  KU190884.1_2008-01-15_subC    1.38%    passed     88.51%
 777  KU190885.1_2008-06-06_subC    0.29%    passed     90.97%
 778  KU190886.1_2008-01-03_subC    3.15%    passed     98.45%
 779  KU190887.1_2009-01-19_subC    0.00%    passed     88.64%
 780  KU190888.1_2009-02-05_subC    1.97%    passed     97.97%
 781  KU190889.1_2009-02-09_subC    2.06%    passed     93.86%
 782  KU190890.1_2009-02-23_subC    2.56%    passed     94.82%
 783  KU190891.1_2009-02-24_subC    1.87%    passed     99.11%
 784  KU190892.1_2009-03-10_subC    2.46%    passed     99.90%
 785  KU190893.1_2009-03-31_subC    1.28%    passed     97.45%
 786  KU190894.1_2009-04-06_subC    2.06%    passed     77.33%
 787  KU190895.1_2009-04-14_subC    0.00%    passed     94.06%
 788  KU190896.1_2009-04-30_subC    1.08%    passed     94.13%
 789  KU190897.1_2009-05-12_subC    0.00%    passed     92.14%
 790  KU190898.1_2009-05-13_subC    1.67%    passed     84.36%
 791  KU190899.1_2009-05-25_subC    2.75%    passed     99.10%
 792  KU190900.1_2009-05-25_subC    5.41%    passed     94.74%
 793  KU190901.1_2009-05-26_subC    0.10%    passed     97.92%
 794  KU190902.1_2009-06-09_subC    0.10%    passed     89.47%
 795  KU190903.1_2009-06-23_subC    0.00%    passed     91.78%
 796  KU190904.1_2009-06-29_subC    1.97%    passed     98.89%
 797  KU190905.1_2009-07-13_subC    1.67%    passed     99.29%
 798  KU190906.1_2009-07-14_subC    2.36%    passed     99.33%
 799  KU190907.1_2009-07-29_subC    0.00%    passed     90.43%
 800  KU190908.1_2009-08-14_subC    0.20%    passed     96.27%
 801  KU190909.1_2009-09-16_subC    0.69%    passed     93.85%
 802  KU190910.1_2009-09-30_subC    0.00%    passed     93.67%
 803  KU190911.1_2009-10-13_subC    2.46%    passed     95.85%
 804  KU190912.1_2009-11-12_subC    0.20%    passed     96.94%
 805  KU190913.1_2009-12-16_subC    0.00%    passed     89.75%
 806  KU190914.1_2009-12-17_subC    1.28%    passed     99.12%
 807  KU190915.1_2009-12-21_subC    1.87%    passed     90.20%
 808  KU190916.1_2010-01-07_subC    1.08%    passed     92.02%
 809  KU190917.1_2010-01-14_subC    3.44%    passed     99.27%
 810  KU190918.1_2010-01-19_subC    0.59%    passed     92.49%
 811  KU190919.1_2010-01-20_subC    0.00%    passed     94.64%
 812  KU190920.1_2010-01-25_subC    2.65%    passed     99.47%
 813  KU190921.1_2010-03-03_subC    0.29%    passed     88.43%
 814  KU190922.1_2010-03-04_subC    1.67%    passed     93.35%
 815  KU190923.1_2010-03-05_subC    1.57%    passed     93.05%
 816  KU190924.1_2010-03-15_subC    0.49%    passed     93.94%
 817  KU190925.1_2010-03-18_subC    1.38%    passed     99.89%
 818  KU190926.1_2010-03-23_subC    1.57%    passed     98.17%
 819  KU190927.1_2010-03-30_subC    0.00%    passed     83.16%
 820  KU190928.1_2010-04-15_subC    2.95%    passed     92.98%
 821  KU190929.1_2010-04-15_subC    0.79%    passed     96.00%
 822  KU190930.1_2010-05-17_subC    2.26%    passed     98.55%
 823  KU190931.1_2010-05-18_subC    3.24%    passed     96.00%
 824  KU190932.1_2010-06-03_subC    1.87%    passed     98.57%
 825  KU190933.1_2010-06-14_subC    1.47%    passed     98.77%
 826  KU190934.1_2010-06-15_subC    1.47%    passed     97.27%
 827  KU190935.1_2010-06-29_subC    0.79%    passed     70.06%
 828  KU190936.1_2010-07-06_subC    1.18%    passed     97.58%
 829  KU190937.1_2010-07-19_subC    1.28%    passed     98.59%
 830  KU190938.1_2010-07-19_subC    2.95%    passed     91.58%
 831  KU190939.1_2010-07-20_subC    1.47%    passed     91.56%
 832  KU190940.1_2010-07-29_subC    2.06%    passed     75.37%
 833  KU190941.1_2010-08-19_subC    1.57%    passed     91.73%
 834  KU190942.1_2010-08-23_subC    2.16%    passed     94.39%
 835  KU190943.1_2010-09-07_subC    2.56%    passed     94.54%
 836  KU190944.1_2010-09-15_subC    7.08%    passed     98.79%
 837  KU190945.1_2010-10-13_subC    0.00%    passed     65.90%
 838  KU190946.1_2010-12-16_subC    2.06%    passed     95.46%
 839  KU190947.1_2010-06-21_subC    0.00%    passed     87.87%
 840  KU190948.1_2011-01-07_subC    0.29%    passed     93.29%
 841  KU190949.1_2011-01-12_subC    0.79%    passed     95.13%
 842  KU190950.1_2011-02-01_subC    1.87%    passed     96.38%
 843  KU190951.1_2011-02-02_subC    1.97%    passed     97.95%
 844  KU190952.1_2011-02-08_subC    1.77%    passed     97.89%
 845  KU190953.1_2011-02-08_subC    1.18%    passed     97.15%
 846  KU190954.1_2011-03-01_subC    0.20%    passed     97.81%
 847  KU190955.1_2011-03-02_subC    0.98%    passed     92.33%
 848  KU190956.1_2011-03-03_subC    0.39%    passed     99.56%
 849  KU190957.1_2011-03-08_subC    0.69%    passed     96.53%
 850  KU190958.1_2011-03-15_subC    1.57%    passed     98.12%
 851  KU190959.1_2011-05-09_subC    1.67%    passed     94.31%
 852  KU190960.1_2011-05-12_subC    1.47%    passed     92.29%
 853  KU190961.1_2011-05-19_subC    0.98%    passed     92.89%
 854  KU190962.1_2011-06-06_subC    0.20%    passed     87.99%
 855  KU190963.1_2011-07-04_subC    1.67%    passed     96.24%
 856  KU190964.1_2011-08-23_subC    2.36%    passed     98.55%
 857  KU190965.1_2011-09-16_subC    0.98%    passed     92.53%
 858  KU190966.1_2011-10-03_subC    1.08%    passed     93.73%
 859  KU190967.1_2011-12-01_subC    2.36%    passed     96.69%
 860  KU190968.1_2011-12-01_subC    1.18%    passed     93.27%
 861  KU190969.1_2011-10-06_subC    0.69%    passed     85.88%
 862  KU190970.1_2011-10-24_subC    0.69%    passed     95.65%
 863  KU190971.1_2011-04-01_subC    1.18%    passed     94.47%
 864  KU190972.1_2011-05-05_subC    0.69%    passed     85.01%
 865  KU190973.1_2011-05-09_subC    0.79%    passed     99.34%
 866  KU190974.1_2011-01-17_subC    2.75%    passed     90.51%
 867  KU190975.1_2011-01-04_subC    0.79%    passed     95.47%
 868  KU190976.1_2011-06-08_subC    0.00%    passed     94.20%
 869  KU190977.1_2011-06-08_subC    0.20%    passed     96.39%
 870  KU190978.1_2011-07-27_subC    0.00%    passed     99.60%
 871  KU190979.1_2012-01-12_subC    0.20%    passed     96.62%
 872  KU190980.1_2012-02-27_subC    2.16%    passed     99.40%
 873  KU190981.1_2012-03-01_subC    2.75%    passed     94.03%
 874  KU190982.1_2012-04-02_subC    1.97%    passed     91.13%
 875  KU190983.1_2012-04-04_subC    1.97%    passed     98.99%
 876  KU190984.1_2012-04-04_subC    0.00%    passed     96.12%
 877  KU190985.1_2012-04-24_subC    0.00%    passed     96.90%
 878  KU190986.1_2012-05-08_subC    0.00%    passed     96.90%
 879  KU190987.1_2012-05-10_subC    1.77%    passed     97.76%
 880  KU190988.1_2012-05-10_subC    1.28%    passed     89.61%
 881  KU190989.1_2012-05-14_subC    0.10%    passed     92.04%
 882  KU190990.1_2012-05-16_subC    1.38%    passed     83.03%
 883  KU190991.1_2012-05-31_subC    1.28%    passed     96.32%
 884  KU190992.1_2012-06-25_subC    0.39%    passed     99.22%
 885  KU190993.1_2012-07-05_subC    0.39%    passed     66.58%
 886  KU190994.1_2012-07-09_subC    0.10%    passed     97.83%
 887  KU190995.1_2012-07-16_subC    0.59%    passed     91.49%
 888  KU190996.1_2012-07-25_subC    1.77%    passed     99.29%
 889  KU190997.1_2012-08-20_subC    1.67%    passed     95.77%
 890  KU190998.1_2012-09-17_subC    0.39%    passed     95.31%
 891  KU190999.1_2012-10-02_subC    0.79%    passed     96.37%
 892  KU191000.1_2012-10-04_subC    2.75%    passed     90.82%
 893  KU191001.1_2012-10-15_subC    0.00%    passed     89.11%
 894  KU191002.1_2012-10-16_subC    0.88%    passed     98.45%
 895  KU191003.1_2012-11-19_subC    0.98%    passed     89.46%
 896  KU191004.1_2012-12-03_subC    2.16%    passed     89.23%
 897  KU191005.1_2012-12-03_subC    1.28%    passed     92.62%
 898  KU191006.1_2012-10-04_subC    1.08%    passed     90.64%
 899  KU191007.1_2012-06-13_subC    2.95%    passed     94.89%
****  TOTAL                         1.03%  0 sequences failed composition chi2 test (p-value<5%; df=3)
NOTE: KU190330.1_2009-10-07_subB is identical to KU190261.1_2009-03-25_subB but kept for subsequent analysis
NOTE: KU190376.1_2010-01-28_subB is identical to KU190369.1_2010-01-18_subB but kept for subsequent analysis

Create initial parsimony tree by phylogenetic likelihood library (PLL)... 0.253 seconds
Generating 1000 samples for ultrafast bootstrap (seed: 109117)...

NOTE: 22 MB RAM (0 GB) is required!
Estimate model parameters (epsilon = 0.100)
1. Initial log-likelihood: -95773.772
2. Current log-likelihood: -89330.681
3. Current log-likelihood: -89021.240
4. Current log-likelihood: -89020.652
Optimal log-likelihood: -89020.639
Rate parameters:  A-C: 2.29862  A-G: 8.11599  A-T: 0.87015  C-G: 0.94311  C-T: 9.88629  G-T: 1.00000
Base frequencies:  A: 0.391  C: 0.164  G: 0.208  T: 0.237
Parameters optimization took 4 rounds (3.584 sec)
Computing ML distances based on estimated model parameters... 4.205 sec
Computing BIONJ tree...
0.871 seconds
Log-likelihood of BIONJ tree: -90004.873
--------------------------------------------------------------------
|             INITIALIZING CANDIDATE TREE SET                      |
--------------------------------------------------------------------
Generating 98 parsimony trees... 25.671 second
Computing log-likelihood of 98 initial trees ... 21.934 seconds
Current best score: -88895.706

Do NNI search on 20 best initial trees
Estimate model parameters (epsilon = 0.100)
BETTER TREE FOUND at iteration 1: -88748.336
Iteration 10 / LogL: -88848.065 / Time: 0h:1m:51s
Iteration 20 / LogL: -88819.344 / Time: 0h:2m:46s
Finish initializing candidate tree set (20)
Current best tree score: -88748.336 / CPU time: 157.546
Number of iterations: 20
--------------------------------------------------------------------
|               OPTIMIZING CANDIDATE TREE SET                      |
--------------------------------------------------------------------
Estimate model parameters (epsilon = 0.100)
BETTER TREE FOUND at iteration 22: -88736.892
Estimate model parameters (epsilon = 0.100)
BETTER TREE FOUND at iteration 24: -88711.545
Iteration 30 / LogL: -88777.182 / Time: 0h:3m:23s (0h:22m:38s left)
Estimate model parameters (epsilon = 0.100)
BETTER TREE FOUND at iteration 38: -88694.560
Iteration 40 / LogL: -88940.075 / Time: 0h:4m:0s (0h:20m:19s left)
Estimate model parameters (epsilon = 0.100)
BETTER TREE FOUND at iteration 41: -88692.707
Estimate model parameters (epsilon = 0.100)
BETTER TREE FOUND at iteration 50: -88657.702
Iteration 50 / LogL: -88657.702 / Time: 0h:4m:37s (0h:18m:51s left)
Log-likelihood cutoff on original alignment: -88980.426
Iteration 60 / LogL: -88729.617 / Time: 0h:5m:17s (0h:17m:1s left)
Estimate model parameters (epsilon = 0.100)
BETTER TREE FOUND at iteration 62: -88629.899
Iteration 70 / LogL: -88695.575 / Time: 0h:5m:56s (0h:16m:30s left)
Estimate model parameters (epsilon = 0.100)
BETTER TREE FOUND at iteration 79: -88597.497
Iteration 80 / LogL: -88676.417 / Time: 0h:6m:36s (0h:16m:37s left)
Iteration 90 / LogL: -88668.046 / Time: 0h:7m:14s (0h:15m:22s left)
Iteration 100 / LogL: -88717.092 / Time: 0h:7m:53s (0h:14m:15s left)
Log-likelihood cutoff on original alignment: -88980.426
NOTE: Bootstrap correlation coefficient of split occurrence frequencies: 0.956
NOTE: UFBoot does not converge, continue at least 100 more iterations
Estimate model parameters (epsilon = 0.100)
BETTER TREE FOUND at iteration 108: -88584.909
Iteration 110 / LogL: -88663.041 / Time: 0h:8m:38s (0h:15m:41s left)
Estimate model parameters (epsilon = 0.100)
BETTER TREE FOUND at iteration 114: -88579.428
Estimate model parameters (epsilon = 0.100)
BETTER TREE FOUND at iteration 117: -88566.131
Iteration 120 / LogL: -88613.909 / Time: 0h:9m:19s (0h:15m:24s left)
Estimate model parameters (epsilon = 0.100)
BETTER TREE FOUND at iteration 124: -88541.679
Iteration 130 / LogL: -88658.853 / Time: 0h:10m:1s (0h:15m:3s left)
Estimate model parameters (epsilon = 0.100)
BETTER TREE FOUND at iteration 135: -88536.882
Iteration 140 / LogL: -88567.821 / Time: 0h:10m:42s (0h:15m:1s left)
Iteration 150 / LogL: -88583.721 / Time: 0h:11m:23s (0h:14m:7s left)
Log-likelihood cutoff on original alignment: -88980.426
Iteration 160 / LogL: -88578.698 / Time: 0h:12m:6s (0h:13m:18s left)
Iteration 170 / LogL: -88601.021 / Time: 0h:12m:50s (0h:12m:31s left)
Iteration 180 / LogL: -88738.846 / Time: 0h:13m:32s (0h:11m:43s left)
Iteration 190 / LogL: -88636.898 / Time: 0h:14m:12s (0h:10m:53s left)
Iteration 200 / LogL: -88568.884 / Time: 0h:14m:56s (0h:10m:8s left)
Log-likelihood cutoff on original alignment: -88980.426
NOTE: Bootstrap correlation coefficient of split occurrence frequencies: 0.960
NOTE: UFBoot does not converge, continue at least 100 more iterations
Iteration 210 / LogL: -88565.299 / Time: 0h:15m:43s (0h:9m:24s left)
Iteration 220 / LogL: -88633.886 / Time: 0h:16m:25s (0h:8m:37s left)
Iteration 230 / LogL: -88612.420 / Time: 0h:17m:11s (0h:7m:52s left)
Iteration 240 / LogL: -88663.520 / Time: 0h:17m:51s (0h:7m:5s left)
Estimate model parameters (epsilon = 0.100)
BETTER TREE FOUND at iteration 242: -88529.531
Iteration 250 / LogL: -88627.606 / Time: 0h:18m:35s (0h:14m:19s left)
Log-likelihood cutoff on original alignment: -88909.875
Estimate model parameters (epsilon = 0.100)
BETTER TREE FOUND at iteration 254: -88519.929
Iteration 260 / LogL: -88574.052 / Time: 0h:19m:22s (0h:14m:30s left)
Iteration 270 / LogL: -88619.933 / Time: 0h:20m:4s (0h:13m:43s left)
Iteration 280 / LogL: -88586.194 / Time: 0h:20m:50s (0h:13m:0s left)
Iteration 290 / LogL: -88631.944 / Time: 0h:21m:32s (0h:12m:13s left)
Iteration 300 / LogL: -88617.914 / Time: 0h:22m:14s (0h:11m:27s left)
Log-likelihood cutoff on original alignment: -88909.875
NOTE: Bootstrap correlation coefficient of split occurrence frequencies: 0.987
NOTE: UFBoot does not converge, continue at least 100 more iterations
Iteration 310 / LogL: -88529.299 / Time: 0h:23m:1s (0h:10m:43s left)
Iteration 320 / LogL: -88567.939 / Time: 0h:23m:44s (0h:9m:58s left)
Iteration 330 / LogL: -88599.260 / Time: 0h:24m:30s (0h:9m:14s left)
Iteration 340 / LogL: -88521.344 / Time: 0h:25m:14s (0h:8m:29s left)
Iteration 350 / LogL: -88578.996 / Time: 0h:25m:56s (0h:7m:43s left)
Log-likelihood cutoff on original alignment: -88909.875
Estimate model parameters (epsilon = 0.100)
BETTER TREE FOUND at iteration 354: -88516.896
Iteration 360 / LogL: -88575.151 / Time: 0h:26m:45s (0h:14m:27s left)
Estimate model parameters (epsilon = 0.100)
BETTER TREE FOUND at iteration 362: -88503.943
Iteration 370 / LogL: -88579.509 / Time: 0h:27m:28s (0h:14m:17s left)
Iteration 380 / LogL: -88590.701 / Time: 0h:28m:14s (0h:13m:33s left)
Iteration 390 / LogL: -88536.064 / Time: 0h:29m:0s (0h:12m:49s left)
Iteration 400 / LogL: -88650.638 / Time: 0h:29m:47s (0h:12m:5s left)
Log-likelihood cutoff on original alignment: -88909.875
NOTE: Bootstrap correlation coefficient of split occurrence frequencies: 0.977
NOTE: UFBoot does not converge, continue at least 100 more iterations
Iteration 410 / LogL: -88519.463 / Time: 0h:30m:36s (0h:11m:22s left)
Iteration 420 / LogL: -88583.584 / Time: 0h:31m:26s (0h:10m:39s left)
Iteration 430 / LogL: -88655.284 / Time: 0h:32m:11s (0h:9m:54s left)
Iteration 440 / LogL: -88575.788 / Time: 0h:33m:0s (0h:9m:10s left)
Iteration 450 / LogL: -88592.718 / Time: 0h:33m:46s (0h:8m:25s left)
Log-likelihood cutoff on original alignment: -88909.875
Estimate model parameters (epsilon = 0.100)
BETTER TREE FOUND at iteration 459: -88500.030
Iteration 460 / LogL: -88526.310 / Time: 0h:34m:36s (0h:15m:0s left)
Iteration 470 / LogL: -88646.731 / Time: 0h:35m:24s (0h:14m:15s left)
Iteration 480 / LogL: -88544.986 / Time: 0h:36m:12s (0h:13m:31s left)
Iteration 490 / LogL: -88600.175 / Time: 0h:36m:57s (0h:12m:46s left)
Iteration 500 / LogL: -88520.131 / Time: 0h:37m:43s (0h:12m:1s left)
Log-likelihood cutoff on original alignment: -88909.875
NOTE: Bootstrap correlation coefficient of split occurrence frequencies: 0.977
NOTE: UFBoot does not converge, continue at least 100 more iterations
Iteration 510 / LogL: -88555.080 / Time: 0h:38m:32s (0h:11m:16s left)
Iteration 520 / LogL: -88556.042 / Time: 0h:39m:17s (0h:10m:31s left)
Iteration 530 / LogL: -88713.430 / Time: 0h:40m:6s (0h:9m:46s left)
Iteration 540 / LogL: -88677.478 / Time: 0h:40m:52s (0h:9m:1s left)
Iteration 550 / LogL: -88582.724 / Time: 0h:41m:42s (0h:8m:16s left)
Log-likelihood cutoff on original alignment: -88909.875
Iteration 560 / LogL: -88645.428 / Time: 0h:42m:31s (0h:7m:31s left)
Iteration 570 / LogL: -88671.082 / Time: 0h:43m:21s (0h:6m:46s left)
Iteration 580 / LogL: -88546.103 / Time: 0h:44m:9s (0h:6m:1s left)
Iteration 590 / LogL: -88580.502 / Time: 0h:44m:57s (0h:5m:16s left)
Iteration 600 / LogL: -88575.371 / Time: 0h:45m:47s (0h:4m:30s left)
Log-likelihood cutoff on original alignment: -88909.875
NOTE: Bootstrap correlation coefficient of split occurrence frequencies: 0.980
NOTE: UFBoot does not converge, continue at least 100 more iterations
Iteration 610 / LogL: -88642.087 / Time: 0h:46m:36s (0h:6m:53s left)
Iteration 620 / LogL: -88539.213 / Time: 0h:47m:28s (0h:6m:8s left)
Iteration 630 / LogL: -88529.517 / Time: 0h:48m:16s (0h:5m:22s left)
Iteration 640 / LogL: -88744.227 / Time: 0h:49m:3s (0h:4m:36s left)
Estimate model parameters (epsilon = 0.100)
BETTER TREE FOUND at iteration 648: -88495.236
Iteration 650 / LogL: -88632.186 / Time: 0h:49m:56s (0h:15m:14s left)
Log-likelihood cutoff on original alignment: -88909.875
Iteration 660 / LogL: -88597.450 / Time: 0h:50m:50s (0h:14m:30s left)
Iteration 670 / LogL: -88570.767 / Time: 0h:51m:40s (0h:13m:44s left)
Iteration 680 / LogL: -88567.406 / Time: 0h:52m:28s (0h:12m:59s left)
Iteration 690 / LogL: -88647.661 / Time: 0h:53m:18s (0h:12m:13s left)
Iteration 700 / LogL: -88530.413 / Time: 0h:54m:6s (0h:11m:27s left)
Log-likelihood cutoff on original alignment: -88909.875
NOTE: Bootstrap correlation coefficient of split occurrence frequencies: 0.986
NOTE: UFBoot does not converge, continue at least 100 more iterations
Iteration 710 / LogL: -88553.901 / Time: 0h:54m:58s (0h:10m:41s left)
Estimate model parameters (epsilon = 0.100)
BETTER TREE FOUND at iteration 717: -88486.901
Iteration 720 / LogL: -88611.409 / Time: 0h:55m:52s (0h:15m:18s left)
Iteration 730 / LogL: -88519.181 / Time: 0h:56m:43s (0h:14m:32s left)
Iteration 740 / LogL: -88541.142 / Time: 0h:57m:32s (0h:13m:46s left)
Iteration 750 / LogL: -88713.572 / Time: 0h:58m:23s (0h:13m:1s left)
Log-likelihood cutoff on original alignment: -88909.875
Iteration 760 / LogL: -88608.591 / Time: 0h:59m:18s (0h:12m:15s left)
Iteration 770 / LogL: -88523.579 / Time: 1h:0m:10s (0h:11m:30s left)
Iteration 780 / LogL: -88609.603 / Time: 1h:1m:1s (0h:10m:43s left)
Iteration 790 / LogL: -88516.474 / Time: 1h:1m:54s (0h:9m:57s left)
Iteration 800 / LogL: -88605.450 / Time: 1h:2m:46s (0h:9m:11s left)
Log-likelihood cutoff on original alignment: -88909.875
NOTE: Bootstrap correlation coefficient of split occurrence frequencies: 0.989
NOTE: UFBoot does not converge, continue at least 100 more iterations
Estimate model parameters (epsilon = 0.100)
BETTER TREE FOUND at iteration 804: -88484.014
Iteration 810 / LogL: -88549.692 / Time: 1h:3m:41s (0h:15m:16s left)
Iteration 820 / LogL: -88515.253 / Time: 1h:4m:34s (0h:14m:30s left)
Iteration 830 / LogL: -88533.911 / Time: 1h:5m:27s (0h:13m:44s left)
Iteration 840 / LogL: -88506.208 / Time: 1h:6m:21s (0h:12m:58s left)
Iteration 850 / LogL: -88573.703 / Time: 1h:7m:15s (0h:12m:11s left)
Log-likelihood cutoff on original alignment: -88909.875
Iteration 860 / LogL: -88575.757 / Time: 1h:8m:12s (0h:11m:26s left)
Iteration 870 / LogL: -88595.206 / Time: 1h:9m:9s (0h:10m:39s left)
Iteration 880 / LogL: -88567.608 / Time: 1h:10m:0s (0h:9m:52s left)
Estimate model parameters (epsilon = 0.100)
BETTER TREE FOUND at iteration 884: -88480.275
Iteration 890 / LogL: -88540.302 / Time: 1h:10m:56s (0h:15m:28s left)
Iteration 900 / LogL: -88552.332 / Time: 1h:11m:50s (0h:14m:42s left)
Log-likelihood cutoff on original alignment: -88909.875
NOTE: Bootstrap correlation coefficient of split occurrence frequencies: 0.987
NOTE: UFBoot does not converge, continue at least 100 more iterations
Iteration 910 / LogL: -88628.599 / Time: 1h:12m:49s (0h:13m:56s left)
Iteration 920 / LogL: -88556.595 / Time: 1h:13m:43s (0h:13m:9s left)
Iteration 930 / LogL: -88698.395 / Time: 1h:14m:40s (0h:12m:22s left)
Iteration 940 / LogL: -88532.418 / Time: 1h:15m:34s (0h:11m:35s left)
Iteration 950 / LogL: -88496.991 / Time: 1h:16m:28s (0h:10m:47s left)
Log-likelihood cutoff on original alignment: -88909.875
Iteration 960 / LogL: -88605.993 / Time: 1h:17m:24s (0h:10m:0s left)
Iteration 970 / LogL: -88650.646 / Time: 1h:18m:21s (0h:9m:13s left)
Iteration 980 / LogL: -88497.001 / Time: 1h:19m:17s (0h:8m:25s left)
Iteration 990 / LogL: -88522.168 / Time: 1h:20m:13s (0h:7m:37s left)
Iteration 1000 / LogL: -88526.251 / Time: 1h:21m:9s (0h:6m:49s left)
Log-likelihood cutoff on original alignment: -88909.875
NOTE: Bootstrap correlation coefficient of split occurrence frequencies: 0.987
NOTE: UFBoot does not converge, continue at least 100 more iterations
Estimate model parameters (epsilon = 0.100)
BETTER TREE FOUND at iteration 1009: -88479.134
Iteration 1010 / LogL: -88514.386 / Time: 1h:22m:13s (0h:16m:12s left)
Iteration 1020 / LogL: -88505.408 / Time: 1h:23m:12s (0h:15m:25s left)
Estimate model parameters (epsilon = 0.100)
BETTER TREE FOUND at iteration 1029: -88473.437
Iteration 1030 / LogL: -88576.787 / Time: 1h:24m:8s (0h:16m:16s left)
Iteration 1040 / LogL: -88583.015 / Time: 1h:25m:4s (0h:15m:28s left)
Iteration 1050 / LogL: -88617.307 / Time: 1h:26m:4s (0h:14m:41s left)
Log-likelihood cutoff on original alignment: -88909.875
Iteration 1060 / LogL: -88627.693 / Time: 1h:27m:5s (0h:13m:53s left)
Iteration 1070 / LogL: -88544.998 / Time: 1h:28m:5s (0h:13m:6s left)
Iteration 1080 / LogL: -88490.328 / Time: 1h:29m:4s (0h:12m:17s left)
Iteration 1090 / LogL: -88532.809 / Time: 1h:30m:0s (0h:11m:29s left)
Iteration 1100 / LogL: -88620.872 / Time: 1h:30m:55s (0h:10m:40s left)
Log-likelihood cutoff on original alignment: -88909.875
NOTE: Bootstrap correlation coefficient of split occurrence frequencies: 0.984
NOTE: UFBoot does not converge, continue at least 100 more iterations
Estimate model parameters (epsilon = 0.100)
BETTER TREE FOUND at iteration 1101: -88464.556
Iteration 1110 / LogL: -88495.318 / Time: 1h:31m:57s (0h:15m:50s left)
Iteration 1120 / LogL: -88591.442 / Time: 1h:32m:56s (0h:15m:1s left)
Iteration 1130 / LogL: -88595.812 / Time: 1h:33m:50s (0h:14m:12s left)
Iteration 1140 / LogL: -88520.330 / Time: 1h:34m:51s (0h:13m:24s left)
Iteration 1150 / LogL: -88590.635 / Time: 1h:35m:53s (0h:12m:36s left)
Log-likelihood cutoff on original alignment: -88909.875
Iteration 1160 / LogL: -88615.863 / Time: 1h:36m:57s (0h:11m:47s left)
Iteration 1170 / LogL: -88531.697 / Time: 1h:37m:58s (0h:10m:58s left)
Iteration 1180 / LogL: -88537.601 / Time: 1h:38m:56s (0h:10m:9s left)
Iteration 1190 / LogL: -88502.356 / Time: 1h:39m:59s (0h:9m:20s left)
Iteration 1200 / LogL: -88516.478 / Time: 1h:41m:2s (0h:8m:30s left)
Log-likelihood cutoff on original alignment: -88909.875
NOTE: Bootstrap correlation coefficient of split occurrence frequencies: 0.981
NOTE: UFBoot does not converge, continue at least 100 more iterations
Iteration 1210 / LogL: -88592.256 / Time: 1h:42m:7s (0h:7m:41s left)
Iteration 1220 / LogL: -88604.818 / Time: 1h:43m:9s (0h:6m:51s left)
Iteration 1230 / LogL: -88617.393 / Time: 1h:44m:10s (0h:6m:1s left)
Iteration 1240 / LogL: -88542.067 / Time: 1h:45m:14s (0h:5m:10s left)
Iteration 1250 / LogL: -88617.456 / Time: 1h:46m:12s (0h:4m:20s left)
Log-likelihood cutoff on original alignment: -88909.875
Estimate model parameters (epsilon = 0.100)
BETTER TREE FOUND at iteration 1260: -88459.303
Iteration 1260 / LogL: -88459.303 / Time: 1h:47m:14s (0h:17m:2s left)
Iteration 1270 / LogL: -88522.345 / Time: 1h:48m:20s (0h:16m:13s left)
Iteration 1280 / LogL: -88492.789 / Time: 1h:49m:25s (0h:15m:23s left)
Iteration 1290 / LogL: -88477.644 / Time: 1h:50m:27s (0h:14m:34s left)
Iteration 1300 / LogL: -88568.935 / Time: 1h:51m:27s (0h:13m:43s left)
Log-likelihood cutoff on original alignment: -88909.875
NOTE: Bootstrap correlation coefficient of split occurrence frequencies: 0.980
NOTE: UFBoot does not converge, continue at least 100 more iterations
Iteration 1310 / LogL: -88480.865 / Time: 1h:52m:32s (0h:12m:53s left)
Iteration 1320 / LogL: -88521.634 / Time: 1h:53m:34s (0h:12m:3s left)
Iteration 1330 / LogL: -88580.321 / Time: 1h:54m:38s (0h:11m:12s left)
Iteration 1340 / LogL: -88488.003 / Time: 1h:55m:44s (0h:10m:22s left)
Iteration 1350 / LogL: -88498.200 / Time: 1h:56m:48s (0h:9m:31s left)
Log-likelihood cutoff on original alignment: -88909.875
Iteration 1360 / LogL: -88585.682 / Time: 1h:57m:54s (0h:8m:40s left)
Estimate model parameters (epsilon = 0.100)
BETTER TREE FOUND at iteration 1364: -88436.470
Iteration 1370 / LogL: -88490.817 / Time: 1h:59m:0s (0h:16m:51s left)
Iteration 1380 / LogL: -88476.125 / Time: 2h:0m:9s (0h:16m:1s left)
Iteration 1390 / LogL: -88448.292 / Time: 2h:1m:12s (0h:15m:11s left)
Iteration 1400 / LogL: -88506.925 / Time: 2h:2m:18s (0h:14m:20s left)
Log-likelihood cutoff on original alignment: -88909.875
NOTE: Bootstrap correlation coefficient of split occurrence frequencies: 0.975
NOTE: UFBoot does not converge, continue at least 100 more iterations
Iteration 1410 / LogL: -88439.946 / Time: 2h:3m:26s (0h:13m:29s left)
Estimate model parameters (epsilon = 0.100)
BETTER TREE FOUND at iteration 1416: -88428.366
Iteration 1420 / LogL: -88454.247 / Time: 2h:4m:33s (0h:17m:12s left)
Iteration 1430 / LogL: -88465.487 / Time: 2h:5m:39s (0h:16m:21s left)
Iteration 1440 / LogL: -88588.082 / Time: 2h:6m:44s (0h:15m:30s left)
Estimate model parameters (epsilon = 0.100)
BETTER TREE FOUND at iteration 1446: -88416.650
Iteration 1450 / LogL: -88521.258 / Time: 2h:7m:50s (0h:17m:17s left)
Log-likelihood cutoff on original alignment: -88898.001
Iteration 1460 / LogL: -88460.895 / Time: 2h:9m:2s (0h:16m:27s left)
Estimate model parameters (epsilon = 0.100)
BETTER TREE FOUND at iteration 1464: -88406.005
Iteration 1470 / LogL: -88631.643 / Time: 2h:10m:12s (0h:17m:11s left)
Iteration 1480 / LogL: -88499.492 / Time: 2h:11m:20s (0h:16m:20s left)
Iteration 1490 / LogL: -88487.379 / Time: 2h:12m:28s (0h:15m:28s left)
Iteration 1500 / LogL: -88516.734 / Time: 2h:13m:36s (0h:14m:37s left)
Log-likelihood cutoff on original alignment: -88898.001
NOTE: Bootstrap correlation coefficient of split occurrence frequencies: 0.955
NOTE: UFBoot does not converge, continue at least 100 more iterations
Iteration 1510 / LogL: -88469.041 / Time: 2h:14m:49s (0h:13m:45s left)
Iteration 1520 / LogL: -88460.836 / Time: 2h:15m:59s (0h:12m:53s left)
Iteration 1530 / LogL: -88502.358 / Time: 2h:17m:9s (0h:12m:1s left)
Estimate model parameters (epsilon = 0.100)
BETTER TREE FOUND at iteration 1536: -88391.754
Iteration 1540 / LogL: -88465.132 / Time: 2h:18m:15s (0h:17m:36s left)
Estimate model parameters (epsilon = 0.100)
BETTER TREE FOUND at iteration 1547: -88371.007
Iteration 1550 / LogL: -88414.610 / Time: 2h:19m:25s (0h:17m:43s left)
Log-likelihood cutoff on original alignment: -88898.001
Iteration 1560 / LogL: -88461.888 / Time: 2h:20m:33s (0h:16m:51s left)
Iteration 1570 / LogL: -88483.157 / Time: 2h:21m:47s (0h:15m:59s left)
Iteration 1580 / LogL: -88419.151 / Time: 2h:22m:59s (0h:15m:7s left)
Iteration 1590 / LogL: -88417.704 / Time: 2h:24m:7s (0h:14m:14s left)
Iteration 1600 / LogL: -88415.741 / Time: 2h:25m:16s (0h:13m:21s left)
Log-likelihood cutoff on original alignment: -88898.001
NOTE: Bootstrap correlation coefficient of split occurrence frequencies: 0.928
NOTE: UFBoot does not converge, continue at least 100 more iterations
Iteration 1610 / LogL: -88403.161 / Time: 2h:26m:29s (0h:12m:28s left)
Iteration 1620 / LogL: -88426.591 / Time: 2h:27m:39s (0h:11m:34s left)
Iteration 1630 / LogL: -88371.540 / Time: 2h:28m:48s (0h:10m:41s left)
Estimate model parameters (epsilon = 0.100)
BETTER TREE FOUND at iteration 1638: -88369.795
Iteration 1640 / LogL: -88412.404 / Time: 2h:29m:59s (0h:18m:7s left)
Iteration 1650 / LogL: -88499.741 / Time: 2h:31m:11s (0h:17m:14s left)
Log-likelihood cutoff on original alignment: -88898.001
Iteration 1660 / LogL: -88397.539 / Time: 2h:32m:27s (0h:16m:21s left)
Iteration 1670 / LogL: -88425.191 / Time: 2h:33m:36s (0h:15m:27s left)
Iteration 1680 / LogL: -88426.862 / Time: 2h:34m:42s (0h:14m:33s left)
Iteration 1690 / LogL: -88387.412 / Time: 2h:35m:50s (0h:13m:39s left)
Iteration 1700 / LogL: -88402.335 / Time: 2h:37m:0s (0h:12m:45s left)
Log-likelihood cutoff on original alignment: -88898.001
NOTE: Bootstrap correlation coefficient of split occurrence frequencies: 0.916
NOTE: UFBoot does not converge, continue at least 100 more iterations
Iteration 1710 / LogL: -88474.851 / Time: 2h:38m:15s (0h:11m:51s left)
Estimate model parameters (epsilon = 0.100)
BETTER TREE FOUND at iteration 1720: -88365.864
Iteration 1720 / LogL: -88365.864 / Time: 2h:39m:27s (0h:18m:33s left)
Iteration 1730 / LogL: -88410.761 / Time: 2h:40m:40s (0h:17m:39s left)
Iteration 1740 / LogL: -88411.202 / Time: 2h:41m:52s (0h:16m:45s left)
Iteration 1750 / LogL: -88377.869 / Time: 2h:43m:9s (0h:15m:51s left)
Log-likelihood cutoff on original alignment: -88898.001
Iteration 1760 / LogL: -88480.747 / Time: 2h:44m:28s (0h:14m:57s left)
Iteration 1770 / LogL: -88394.262 / Time: 2h:45m:40s (0h:14m:2s left)
Estimate model parameters (epsilon = 0.100)
BETTER TREE FOUND at iteration 1773: -88362.882
Iteration 1780 / LogL: -88475.771 / Time: 2h:46m:49s (0h:18m:5s left)
Iteration 1790 / LogL: -88382.550 / Time: 2h:48m:3s (0h:17m:11s left)
Iteration 1800 / LogL: -88447.249 / Time: 2h:49m:15s (0h:16m:16s left)
Log-likelihood cutoff on original alignment: -88898.001
NOTE: Bootstrap correlation coefficient of split occurrence frequencies: 0.912
NOTE: UFBoot does not converge, continue at least 100 more iterations
Estimate model parameters (epsilon = 0.100)
BETTER TREE FOUND at iteration 1805: -88359.945
Iteration 1810 / LogL: -88460.292 / Time: 2h:50m:37s (0h:18m:23s left)
Iteration 1820 / LogL: -88441.110 / Time: 2h:51m:54s (0h:17m:28s left)
Iteration 1830 / LogL: -88420.468 / Time: 2h:53m:5s (0h:16m:33s left)
Iteration 1840 / LogL: -88417.801 / Time: 2h:54m:16s (0h:15m:38s left)
Iteration 1850 / LogL: -88454.354 / Time: 2h:55m:29s (0h:14m:42s left)
Log-likelihood cutoff on original alignment: -88898.001
Iteration 1860 / LogL: -88495.500 / Time: 2h:56m:45s (0h:13m:47s left)
Iteration 1870 / LogL: -88447.109 / Time: 2h:58m:4s (0h:12m:51s left)
Iteration 1880 / LogL: -88377.812 / Time: 2h:59m:18s (0h:11m:55s left)
Iteration 1890 / LogL: -88397.241 / Time: 3h:0m:34s (0h:10m:59s left)
Iteration 1900 / LogL: -88408.928 / Time: 3h:1m:49s (0h:10m:3s left)
Log-likelihood cutoff on original alignment: -88898.001
NOTE: Bootstrap correlation coefficient of split occurrence frequencies: 0.910
NOTE: UFBoot does not converge, continue at least 100 more iterations
Estimate model parameters (epsilon = 0.100)
BETTER TREE FOUND at iteration 1906: -88357.821
Iteration 1910 / LogL: -88395.230 / Time: 3h:3m:14s (0h:18m:48s left)
Iteration 1920 / LogL: -88471.825 / Time: 3h:4m:29s (0h:17m:52s left)
Iteration 1930 / LogL: -88465.128 / Time: 3h:5m:43s (0h:16m:56s left)
Iteration 1940 / LogL: -88481.527 / Time: 3h:7m:0s (0h:16m:0s left)
Iteration 1950 / LogL: -88424.745 / Time: 3h:8m:22s (0h:15m:4s left)
Log-likelihood cutoff on original alignment: -88898.001
Iteration 1960 / LogL: -88413.271 / Time: 3h:9m:40s (0h:14m:8s left)
Iteration 1970 / LogL: -88456.083 / Time: 3h:10m:57s (0h:13m:11s left)
Iteration 1980 / LogL: -88473.256 / Time: 3h:12m:13s (0h:12m:14s left)
Iteration 1990 / LogL: -88384.451 / Time: 3h:13m:33s (0h:11m:17s left)
Iteration 2000 / LogL: -88376.484 / Time: 3h:14m:47s (0h:10m:19s left)
Log-likelihood cutoff on original alignment: -88898.001
NOTE: Bootstrap correlation coefficient of split occurrence frequencies: 0.906
NOTE: UFBoot does not converge, continue at least 100 more iterations
WARNING: bootstrap analysis did not converge. You should rerun with higher number of iterations (-nm option)
TREE SEARCH COMPLETED AFTER 2001 ITERATIONS / Time: 3h:15m:1s

--------------------------------------------------------------------
|                    FINALIZING TREE SEARCH                        |
--------------------------------------------------------------------
Performs final model parameters optimization
Estimate model parameters (epsilon = 0.010)
1. Initial log-likelihood: -88357.821
Optimal log-likelihood: -88357.819
Rate parameters:  A-C: 2.33327  A-G: 8.38617  A-T: 0.85783  C-G: 0.91186  C-T: 10.27407  G-T: 1.00000
Base frequencies:  A: 0.391  C: 0.164  G: 0.208  T: 0.237
Parameters optimization took 1 rounds (0.204 sec)
BEST SCORE FOUND : -88357.819
Creating bootstrap support values...
Split supports printed to NEXUS file old.splits.nex
Total tree length: 14.989

Total number of iterations: 2001
CPU time used for tree search: 11686.665 sec (3h:14m:46s)
Wall-clock time used for tree search: 11691.763 sec (3h:14m:51s)
Total CPU time used: 11701.487 sec (3h:15m:1s)
Total wall-clock time used: 11706.632 sec (3h:15m:6s)

Computing bootstrap consensus tree...
Reading input file old.splits.nex...
899 taxa and 12119 splits.
Consensus tree written to old.contree
Reading input trees file old.contree
Log-likelihood of consensus tree: -88325.898

Analysis results written to: 
  IQ-TREE report:                old.iqtree
  Maximum-likelihood tree:       old.treefile
  Likelihood distances:          old.mldist

Ultrafast bootstrap approximation results written to:
  Split support values:          old.splits.nex
  Consensus tree:                old.contree
  Screen log file:               old.log

Date and Time: Thu Dec  3 21:07:05 2020
